--- Log opened mar. févr. 05 00:00:00 2013
08:42 ~s~ duckmole > (~Thunderbi@2a01:e35:2f26:3b40:e166:6ec7:8d75:74cd) has joined ##agilefr
09:13 ~s~ sfui > (~Adium@AMontpellier-556-1-310-16.w81-251.abo.wanadoo.fr) has joined ##agilefr
09:36 ~s~ estrebet_ > (~quassel@gmo34-2-88-175-90-25.fbx.proxad.net) has joined ##agilefr
09:43 :     estrebet_ : bonjour
09:59 ~s~ sfui < (~Adium@AMontpellier-556-1-310-16.w81-251.abo.wanadoo.fr) has quit [Quit: Leaving.]
10:04 ~s~ sfui > (~Adium@AMontpellier-556-1-310-16.w81-251.abo.wanadoo.fr) has joined ##agilefr
10:22 ~s~ sfui < (~Adium@AMontpellier-556-1-310-16.w81-251.abo.wanadoo.fr) has quit [Quit: Leaving.]
10:26 ~s~ olbap > (~pablo@lem34-1-88-188-241-42.fbx.proxad.net) has joined ##agilefr
10:26 ~s~ olbap < (~pablo@lem34-1-88-188-241-42.fbx.proxad.net) has quit [Client Quit]
10:29 ~s~ olbap_ > (~pablo@lem34-1-88-188-241-42.fbx.proxad.net) has joined ##agilefr
10:34 ~s~ sfui > (~Adium@AMontpellier-556-1-310-16.w81-251.abo.wanadoo.fr) has joined ##agilefr
10:54 ~s~ avernois < (~avernois@gulltopp.vernois.net) has quit [Read error: Operation timed out]
10:54 ~s~ avernois_ > (~avernois@gulltopp.vernois.net) has joined ##agilefr
11:09 ~s~ sfui < (~Adium@AMontpellier-556-1-310-16.w81-251.abo.wanadoo.fr) has quit [Quit: Leaving.]
11:15 ~s~ sfui > (~Adium@AMontpellier-556-1-310-16.w81-251.abo.wanadoo.fr) has joined ##agilefr
12:09 ~s~ ndubois < (~ndubois@mail1.gpdis.com) has quit [Ping timeout: 260 seconds]
12:14 ~s~ sfui < (~Adium@AMontpellier-556-1-310-16.w81-251.abo.wanadoo.fr) has quit [Quit: Leaving.]
13:02 ~s~ sfui > (~Adium@AMontpellier-556-1-310-16.w81-251.abo.wanadoo.fr) has joined ##agilefr
13:22 ~s~ estrebet_ < (~quassel@gmo34-2-88-175-90-25.fbx.proxad.net) has quit [Remote host closed the connection]
15:14 ~s~ ndubois > (~ndubois@mail1.gpdis.com) has joined ##agilefr
15:39 ~s~ ndubois < (~ndubois@mail1.gpdis.com) has quit [Quit: Leaving.]
15:55 :        bricef : hekki
15:55 :        bricef : hello
18:54 :        olbap_ : bye :)
18:54 ~s~ olbap_ < (~pablo@lem34-1-88-188-241-42.fbx.proxad.net) has quit [Quit: Ex-Chat]
18:54 :          sfui : merci d'être passé ;-)
18:56 ~s~ sfui < (~Adium@AMontpellier-556-1-310-16.w81-251.abo.wanadoo.fr) has quit [Quit: Leaving.]
21:42 ~s~ sfui > (~Adium@113.75.176.95.rev.sfr.net) has joined ##agilefr
--- Log closed mer. févr. 06 00:00:00 2013
