--- Log opened jeu. mars 07 00:00:23 2013
02:15 ~s~ pointbar < (~pointbar@ns1.ogeima.com) has quit [Ping timeout: 264 seconds]
02:15 ~s~ pointbar > (~pointbar@ns1.ogeima.com) has joined ##agilefr
04:26 ~s~ ounis > (~ounis@unaffiliated/ounis) has joined ##agilefr
05:08 ~s~ ounis < (~ounis@unaffiliated/ounis) has quit [Ping timeout: 255 seconds]
07:08 ~s~ ervin > (~kdab@kde/ervin) has joined ##agilefr
09:15 ~s~ duckmole > (~Thunderbi@2a01:e35:2f26:3b40:d9a0:9f12:831c:be1e) has joined ##agilefr
09:18 ~s~ sfui > (~Adium@AMontpellier-556-1-344-15.w90-28.abo.wanadoo.fr) has joined ##agilefr
10:41 ~s~ sfui < (~Adium@AMontpellier-556-1-344-15.w90-28.abo.wanadoo.fr) has quit [Quit: Leaving.]
10:47 ~s~ sfui > (~Adium@AMontpellier-556-1-344-15.w90-28.abo.wanadoo.fr) has joined ##agilefr
14:49 ~s~ Irssi: ##agilefr: Total of 11 nicks 1 ops, 0 halfops, 0 voices, 10 normal
14:56 :          clrh : sinon ça va par ici ?
14:56 :          clrh : bonjour 
15:08 :          sfui : bonjour
15:35 ~s~ ervin < (~kdab@kde/ervin) has quit []
15:40 ~s~ sfui < (~Adium@AMontpellier-556-1-344-15.w90-28.abo.wanadoo.fr) has quit [Ping timeout: 252 seconds]
15:41 ~s~ sfui > (~Adium@AMontpellier-556-1-344-15.w90-28.abo.wanadoo.fr) has joined ##agilefr
15:56 ~s~ sfui1 > (~Adium@AMontpellier-556-1-344-15.w90-28.abo.wanadoo.fr) has joined ##agilefr
15:58 ~s~ sfui < (~Adium@AMontpellier-556-1-344-15.w90-28.abo.wanadoo.fr) has quit [Ping timeout: 252 seconds]
16:04 ~s~ sfui > (~Adium@AMontpellier-556-1-344-15.w90-28.abo.wanadoo.fr) has joined ##agilefr
16:06 ~s~ sfui1 < (~Adium@AMontpellier-556-1-344-15.w90-28.abo.wanadoo.fr) has quit [Ping timeout: 252 seconds]
17:31 ~s~ duckmole < (~Thunderbi@2a01:e35:2f26:3b40:d9a0:9f12:831c:be1e) has quit [Quit: duckmole]
18:35 ~s~ sfui < (~Adium@AMontpellier-556-1-344-15.w90-28.abo.wanadoo.fr) has quit [Quit: Leaving.]
--- Log closed ven. mars 08 00:00:23 2013
