--- Log opened mer. mars 13 00:00:23 2013
00:24 ~s~ sfui < (~Adium@71.48.14.81.rev.sfr.net) has quit [Quit: Leaving.]
09:03 ~s~ sfui > (~Adium@AMontpellier-556-1-344-15.w90-28.abo.wanadoo.fr) has joined ##agilefr
09:07 ~s~ sfui < (~Adium@AMontpellier-556-1-344-15.w90-28.abo.wanadoo.fr) has quit [Read error: Operation timed out]
09:07 ~s~ sfui > (~Adium@AMontpellier-556-1-344-15.w90-28.abo.wanadoo.fr) has joined ##agilefr
09:29 :           No` : salut les agilistes
10:10 ~s~ bricef < (~brice@94.103.137.121) has quit [Remote host closed the connection]
13:05 ~s~ [o__o] < (~o__o]@botbot.me) has quit [Ping timeout: 245 seconds]
13:39 ~s~ [o__o] > (~o__o]@botbot.me) has joined ##agilefr
15:14 ~s~ sfui < (~Adium@AMontpellier-556-1-344-15.w90-28.abo.wanadoo.fr) has quit [Quit: Leaving.]
15:27 ~s~ sfui > (~Adium@AMontpellier-556-1-344-15.w90-28.abo.wanadoo.fr) has joined ##agilefr
15:43 ~s~ sfui1 > (~Adium@AMontpellier-556-1-309-96.w81-251.abo.wanadoo.fr) has joined ##agilefr
15:46 ~s~ sfui < (~Adium@AMontpellier-556-1-344-15.w90-28.abo.wanadoo.fr) has quit [Ping timeout: 264 seconds]
15:58 ~s~ duckmole > (~Thunderbi@2a01:e35:2f26:3b40:a9d3:3b3d:3a07:2561) has joined ##agilefr
15:59 ~s~ duckmole < (~Thunderbi@2a01:e35:2f26:3b40:a9d3:3b3d:3a07:2561) has quit [Remote host closed the connection]
16:00 ~s~ duckmole > (~Thunderbi@2a01:e35:2f26:3b40:a9d3:3b3d:3a07:2561) has joined ##agilefr
16:44 ~s~ duckmole < (~Thunderbi@2a01:e35:2f26:3b40:a9d3:3b3d:3a07:2561) has quit [Quit: duckmole]
16:45 ~s~ duckmole > (~Thunderbi@2a01:e35:2f26:3b40:a9d3:3b3d:3a07:2561) has joined ##agilefr
18:20 ~s~ ndubois < (~ndubois@mail1.gpdis.com) has quit [Quit: Leaving.]
18:57 ~s~ sfui1 < (~Adium@AMontpellier-556-1-309-96.w81-251.abo.wanadoo.fr) has quit [Quit: Leaving.]
19:30 ~s~ duckmole < (~Thunderbi@2a01:e35:2f26:3b40:a9d3:3b3d:3a07:2561) has quit [Remote host closed the connection]
21:40 ~s~ sfui > (~Adium@71.48.14.81.rev.sfr.net) has joined ##agilefr
23:04 ~s~ estrebet > (~quassel@gmo34-2-88-175-90-25.fbx.proxad.net) has joined ##agilefr
23:24 ~s~ estrebet < (~quassel@gmo34-2-88-175-90-25.fbx.proxad.net) has quit [Ping timeout: 272 seconds]
23:31 ~s~ sfui < (~Adium@71.48.14.81.rev.sfr.net) has quit [Quit: Leaving.]
23:36 ~s~ sfui > (~Adium@71.48.14.81.rev.sfr.net) has joined ##agilefr
--- Log closed jeu. mars 14 00:00:23 2013
