--- Log opened ven. févr. 08 00:00:00 2013
04:13 ~s~ Netsplit *.net <-> *.split quits: duckmole, pointbar, avernois, [o__o], ndubois, yml
05:25 ~s~ ndubois > (~ndubois@mail1.gpdis.com) has joined ##agilefr
05:26 ~s~ [o__o] > (~o__o]@botbot.me) has joined ##agilefr
05:26 ~s~ yml > (~yml@li148-151.members.linode.com) has joined ##agilefr
05:27 ~s~ avernois > (~avernois@gulltopp.vernois.net) has joined ##agilefr
05:27 ~s~ pointbar > (~pointbar@ns1.ogeima.com) has joined ##agilefr
05:27 ~s~ duckmole > (~Thunderbi@2a01:e35:2f26:3b40:5ceb:af3f:c222:9281) has joined ##agilefr
05:27 ~s~ duckmole < (~Thunderbi@2a01:e35:2f26:3b40:5ceb:af3f:c222:9281) has quit [Remote host closed the connection]
05:27 ~s~ duckmole > (~Thunderbi@2a01:e35:2f26:3b40:5ceb:af3f:c222:9281) has joined ##agilefr
09:21 :          clrh@: salut
09:47 ~s~ sfui > (~Adium@AMontpellier-556-1-165-248.w109-210.abo.wanadoo.fr) has joined ##agilefr
13:03 ~s~ duckmole < (~Thunderbi@2a01:e35:2f26:3b40:5ceb:af3f:c222:9281) has quit [Quit: duckmole]
13:11 ~s~ sfui < (~Adium@AMontpellier-556-1-165-248.w109-210.abo.wanadoo.fr) has quit [Quit: Leaving.]
13:25 ~s~ [o__o] < (~o__o]@botbot.me) has quit [Remote host closed the connection]
13:25 ~s~ [o__o] > (~o__o]@botbot.me) has joined ##agilefr
13:25 ~s~ [o__o] < (~o__o]@botbot.me) has quit [Excess Flood]
13:25 ~s~ [o__o] > (~o__o]@botbot.me) has joined ##agilefr
13:25 ~s~ [o__o] < (~o__o]@botbot.me) has quit [Excess Flood]
13:25 ~s~ [o__o] > (~o__o]@botbot.me) has joined ##agilefr
14:31 ~s~ sfui > (~Adium@AMontpellier-556-1-165-248.w109-210.abo.wanadoo.fr) has joined ##agilefr
17:13 ~s~ ndubois < (~ndubois@mail1.gpdis.com) has quit [Quit: Leaving.]
18:53 ~s~ sfui < (~Adium@AMontpellier-556-1-165-248.w109-210.abo.wanadoo.fr) has quit [Quit: Leaving.]
19:15 ~s~ bricef < (~brice@94.103.137.121) has quit [Quit: Quitte]
21:35 ~s~ sfui > (~Adium@247.118.176.95.rev.sfr.net) has joined ##agilefr
--- Log closed sam. févr. 09 00:00:00 2013
