--- Log opened ven. avril 12 00:00:27 2013
00:36 ~s~ sfui < (~Adium@44.41.14.81.rev.sfr.net) has quit [Quit: Leaving.]
00:38 ~s~ estrebet_ < (~quassel@gmo34-2-88-175-90-25.fbx.proxad.net) has quit [Remote host closed the connection]
09:09 ~s~ sfui > (~Adium@AMontpellier-556-1-351-152.w90-28.abo.wanadoo.fr) has joined ##agilefr
09:30 :      pointbar : done: suck rhum die @ c'est con les cuillères - rave encrypt
09:33 :           No` : gneu ?
09:33 :           No` : punaise, bécon les bruyères, ça lui a démoli les tuyères à pointbar
09:39 :      pointbar : c'est Dupagne, y m'a glissé un cacheton dans mon verre
09:41 :           No` : ah ouais
09:41 :           No` : genre
09:41 :           No` : "tu rames"
09:43 :      pointbar : Yep, avec plein de mecs en costard autour de oim !
09:53 :           No` : ça devient bourgeois, l'agilité
12:11 ~s~ sfui < (~Adium@AMontpellier-556-1-351-152.w90-28.abo.wanadoo.fr) has quit [Quit: Leaving.]
14:20 ~s~ sfui > (~Adium@AMontpellier-556-1-351-152.w90-28.abo.wanadoo.fr) has joined ##agilefr
17:30 :           No` : "bon alors, jeudi midi on met une version sur le site de test. ils font les tests d'acceptation et trois semaines plus tard, ils recettent"
17:30 :           No` : tsk tsk tsk
17:32 :           No` : non, j'ai menti
17:32 :           No` : c'est que 4 heures de tests d'acceptation et deux semaines de recettage
17:32 :           No` : les tests d'acceptation, je cite
17:32 :           No` : "ils cliquent partout pour voir si ça pète pas"
18:06 ~s~ sfui < (~Adium@AMontpellier-556-1-351-152.w90-28.abo.wanadoo.fr) has quit [Quit: Leaving.]
18:07 ~s~ sfui > (~Adium@AMontpellier-556-1-351-152.w90-28.abo.wanadoo.fr) has joined ##agilefr
18:49 :      pointbar : No`: Oauis ok, mais on le fait vraiment...
18:50 :      pointbar : en tant que testeur je vais cliquer sur chaque pixel de chacune des putain' de pages de cet E... de site de merdre
18:52 :      pointbar : afin de bien vérifier que le comportement résultant, correspond bien à ce que personne n'a encore envisagé
18:55 :      pointbar : DoD : ce sera presque fini un jour ; en attendant je veux pas entendre un plop
19:02 ~s~ bricef < (~brice@94.103.137.121) has quit [Quit: Quitte]
19:22 ~s~ sfui < (~Adium@AMontpellier-556-1-351-152.w90-28.abo.wanadoo.fr) has quit [Quit: Leaving.]
21:30 ~s~ sfui > (~Adium@44.41.14.81.rev.sfr.net) has joined ##agilefr
--- Log closed sam. avril 13 00:00:27 2013
