--- Log opened jeu. avril 11 00:00:27 2013
00:24 :      pointbar : cherche No` très certainement caché sous les pavés - #scrumday
00:44 ~s~ sfui < (~Adium@44.41.14.81.rev.sfr.net) has quit [Quit: Leaving.]
09:13 ~s~ sfui > (~Adium@AMontpellier-556-1-351-152.w90-28.abo.wanadoo.fr) has joined ##agilefr
09:20 :           No` : pointbar: ouais, si tu creuses /win 1
09:20 :           No` : pardon, on enlève le "/win 1"
09:24 :           No` : et bijour les agiles
09:47 :      pointbar : hi'
09:47 :      pointbar : scrumday today
09:49 :           No` : à baygon jaune les bruyères ?
12:18 ~s~ ndubois > (~ndubois@mail1.gpdis.com) has joined ##agilefr
12:19 ~s~ ndubois < (~ndubois@mail1.gpdis.com) has left ##agilefr []
16:55 ~s~ sfui1 > (~Adium@AMontpellier-556-1-351-152.w90-28.abo.wanadoo.fr) has joined ##agilefr
16:55 ~s~ sfui < (~Adium@AMontpellier-556-1-351-152.w90-28.abo.wanadoo.fr) has quit [Read error: Connection reset by peer]
17:21 ~s~ duckmole > (~Thunderbi@2a01:e35:2f26:3b40:88c1:a29d:313b:1441) has joined ##agilefr
18:10 ~s~ sfui1 < (~Adium@AMontpellier-556-1-351-152.w90-28.abo.wanadoo.fr) has quit [Quit: Leaving.]
19:03 ~s~ sfui > (~Adium@44.41.14.81.rev.sfr.net) has joined ##agilefr
19:18 ~s~ sfui < (~Adium@44.41.14.81.rev.sfr.net) has quit [Quit: Leaving.]
19:29 ~s~ duckmole < (~Thunderbi@2a01:e35:2f26:3b40:88c1:a29d:313b:1441) has quit [Remote host closed the connection]
21:23 ~s~ sfui > (~Adium@44.41.14.81.rev.sfr.net) has joined ##agilefr
21:53 ~s~ estrebet_ > (~quassel@gmo34-2-88-175-90-25.fbx.proxad.net) has joined ##agilefr
--- Log closed ven. avril 12 00:00:27 2013
