--- Log opened mar. févr. 26 00:00:23 2013
07:02 ~s~ ervin > (~kdab@2a01:e34:ee1d:a300:21a:4dff:fe55:3eb2) has joined ##agilefr
07:02 ~s~ ervin < (~kdab@2a01:e34:ee1d:a300:21a:4dff:fe55:3eb2) has quit [Changing host]
07:02 ~s~ ervin > (~kdab@kde/ervin) has joined ##agilefr
09:18 ~s~ sfui > (~Adium@AMontpellier-556-1-172-234.w109-210.abo.wanadoo.fr) has joined ##agilefr
09:42 ~s~ estrebet_ > (~quassel@gmo34-2-88-175-90-25.fbx.proxad.net) has joined ##agilefr
09:48 ~s~ duckmole > (~Thunderbi@2a01:e35:2f26:3b40:c8e3:9aaf:4599:fa5e) has joined ##agilefr
10:50 ~s~ sfui1 > (~Adium@109.210.140.234) has joined ##agilefr
10:50 ~s~ sfui < (~Adium@AMontpellier-556-1-172-234.w109-210.abo.wanadoo.fr) has quit [Read error: Connection reset by peer]
12:01 ~s~ sfui1 < (~Adium@109.210.140.234) has quit [Quit: Leaving.]
14:18 ~s~ sfui > (~Adium@AMontpellier-556-1-172-234.w109-210.abo.wanadoo.fr) has joined ##agilefr
16:05 ~s~ ervin < (~kdab@kde/ervin) has quit []
17:52 ~s~ duckmole < (~Thunderbi@2a01:e35:2f26:3b40:c8e3:9aaf:4599:fa5e) has quit [Quit: duckmole]
17:59 ~s~ duckmole > (~Thunderbi@2a01:e35:2f26:3b40:c8e3:9aaf:4599:fa5e) has joined ##agilefr
17:59 ~s~ duckmole < (~Thunderbi@2a01:e35:2f26:3b40:c8e3:9aaf:4599:fa5e) has quit [Client Quit]
18:25 ~s~ duckmole > (~Thunderbi@2a01:e35:2f26:3b40:c8e3:9aaf:4599:fa5e) has joined ##agilefr
18:55 ~s~ sfui < (~Adium@AMontpellier-556-1-172-234.w109-210.abo.wanadoo.fr) has quit [Quit: Leaving.]
21:49 ~s~ sfui > (~Adium@71.48.14.81.rev.sfr.net) has joined ##agilefr
21:50 ~s~ estrebet_ < (~quassel@gmo34-2-88-175-90-25.fbx.proxad.net) has quit [Ping timeout: 264 seconds]
21:59 ~s~ duckmole < (~Thunderbi@2a01:e35:2f26:3b40:c8e3:9aaf:4599:fa5e) has quit [Remote host closed the connection]
23:38 ~s~ estrebet_ > (~quassel@gmo34-2-88-175-90-25.fbx.proxad.net) has joined ##agilefr
--- Log closed mer. févr. 27 00:00:23 2013
