--- Log opened mer. févr. 06 00:00:00 2013
00:01 ~s~ sfui < (~Adium@113.75.176.95.rev.sfr.net) has quit [Quit: Leaving.]
00:04 ~s~ bricef < (~brice@94.103.137.121) has quit [Ping timeout: 248 seconds]
00:09 ~s~ bricef > (~brice@94.103.137.121) has joined ##agilefr
03:11 ~s~ avernois_ < (~avernois@gulltopp.vernois.net) has quit [Ping timeout: 252 seconds]
03:12 ~s~ avernois > (~avernois@gulltopp.vernois.net) has joined ##agilefr
09:02 ~s~ ndubois > (~ndubois@mail1.gpdis.com) has joined ##agilefr
09:12 ~s~ sfui > (~Adium@AMontpellier-556-1-310-16.w81-251.abo.wanadoo.fr) has joined ##agilefr
10:03 :          clrh@: bonjour les gens :)
11:30       avernois : bonjour clrh :)
14:08         bricef : salut clrh
14:20 :          clrh@: helo
16:55 ~s~ ndubois < (~ndubois@mail1.gpdis.com) has quit [Ping timeout: 260 seconds]
17:08 ~s~ ndubois > (~ndubois@mail1.gpdis.com) has joined ##agilefr
17:11 ~s~ sfui1 > (~Adium@AMontpellier-556-1-310-16.w81-251.abo.wanadoo.fr) has joined ##agilefr
17:11 ~s~ sfui < (~Adium@AMontpellier-556-1-310-16.w81-251.abo.wanadoo.fr) has quit [Read error: Connection reset by peer]
17:21 ~s~ ndubois < (~ndubois@mail1.gpdis.com) has quit [Ping timeout: 260 seconds]
17:28 ~s~ duckmole < (~Thunderbi@2a01:e35:2f26:3b40:e166:6ec7:8d75:74cd) has quit [Ping timeout: 246 seconds]
17:37 ~s~ ndubois > (~ndubois@mail1.gpdis.com) has joined ##agilefr
17:46 ~s~ ervin > (~kdab@62.212.111.208) has joined ##agilefr
17:46 ~s~ ervin < (~kdab@62.212.111.208) has quit [Changing host]
17:46 ~s~ ervin > (~kdab@kde/ervin) has joined ##agilefr
19:09 ~s~ sfui1 < (~Adium@AMontpellier-556-1-310-16.w81-251.abo.wanadoo.fr) has quit [Quit: Leaving.]
19:12 ~s~ ndubois < (~ndubois@mail1.gpdis.com) has quit [Ping timeout: 260 seconds]
20:53 ~s~ sfui > (~Adium@113.75.176.95.rev.sfr.net) has joined ##agilefr
21:16 ~s~ sfui < (~Adium@113.75.176.95.rev.sfr.net) has quit [Quit: Leaving.]
21:40 ~s~ sfui > (~Adium@113.75.176.95.rev.sfr.net) has joined ##agilefr
23:22 ~s~ ervin < (~kdab@kde/ervin) has quit []
--- Log closed jeu. févr. 07 00:00:00 2013
