--- Log opened jeu. févr. 28 00:00:23 2013
07:41 ~s~ ervin > (~kdab@2a01:e34:ee1d:a300:21a:4dff:fe55:3eb2) has joined ##agilefr
07:41 ~s~ ervin < (~kdab@2a01:e34:ee1d:a300:21a:4dff:fe55:3eb2) has quit [Changing host]
07:41 ~s~ ervin > (~kdab@kde/ervin) has joined ##agilefr
08:55 ~s~ sfui > (~Adium@AMontpellier-556-1-172-234.w109-210.abo.wanadoo.fr) has joined ##agilefr
09:24 ~s~ duckmole > (~Thunderbi@2a01:e35:2f26:3b40:a486:dde:19e3:af1f) has joined ##agilefr
11:22 ~s~ goldoraf > (~raphael@2a01:e34:eed3:6ab0:d815:9e7e:cb0e:37f7) has joined ##agilefr
11:45 ~s~ duckmole < (~Thunderbi@2a01:e35:2f26:3b40:a486:dde:19e3:af1f) has quit [Ping timeout: 246 seconds]
12:05 ~s~ duckmole > (~Thunderbi@2a01:e35:2f26:3b40:e7:b2f4:56cd:9d07) has joined ##agilefr
12:18 ~s~ duckmole < (~Thunderbi@2a01:e35:2f26:3b40:e7:b2f4:56cd:9d07) has quit [Remote host closed the connection]
12:19 ~s~ sfui < (~Adium@AMontpellier-556-1-172-234.w109-210.abo.wanadoo.fr) has quit [Quit: Leaving.]
14:48 ~s~ sfui > (~Adium@AMontpellier-556-1-172-234.w109-210.abo.wanadoo.fr) has joined ##agilefr
16:05 ~s~ sfui1 > (~Adium@AMontpellier-556-1-341-23.w90-28.abo.wanadoo.fr) has joined ##agilefr
16:07 ~s~ sfui < (~Adium@AMontpellier-556-1-172-234.w109-210.abo.wanadoo.fr) has quit [Ping timeout: 252 seconds]
16:20 ~s~ sfui1 < (~Adium@AMontpellier-556-1-341-23.w90-28.abo.wanadoo.fr) has quit [Quit: Leaving.]
16:42 ~s~ sfui > (~Adium@AMontpellier-556-1-341-23.w90-28.abo.wanadoo.fr) has joined ##agilefr
16:57 ~s~ estrebet_ > (~quassel@gmo34-2-88-175-90-25.fbx.proxad.net) has joined ##agilefr
17:35 ~s~ sfui < (~Adium@AMontpellier-556-1-341-23.w90-28.abo.wanadoo.fr) has quit [Quit: Leaving.]
18:01 ~s~ sfui > (~Adium@AMontpellier-556-1-341-23.w90-28.abo.wanadoo.fr) has joined ##agilefr
18:32 ~s~ sfui < (~Adium@AMontpellier-556-1-341-23.w90-28.abo.wanadoo.fr) has quit [Quit: Leaving.]
22:01 ~s~ ervin < (~kdab@kde/ervin) has quit []
22:59 ~s~ sfui > (~Adium@71.48.14.81.rev.sfr.net) has joined ##agilefr
--- Log closed ven. mars 01 00:00:23 2013
