--- Log opened mer. mars 06 00:00:23 2013
00:30 ~s~ sfui < (~Adium@71.48.14.81.rev.sfr.net) has quit [Quit: Leaving.]
07:01 ~s~ ervin > (~kdab@2a01:e34:ee1d:a300:21a:4dff:fe55:3eb2) has joined ##agilefr
07:01 ~s~ ervin < (~kdab@2a01:e34:ee1d:a300:21a:4dff:fe55:3eb2) has quit [Changing host]
07:01 ~s~ ervin > (~kdab@kde/ervin) has joined ##agilefr
08:57 ~s~ duckmole > (~Thunderbi@2a01:e35:2f26:3b40:79f4:df9a:6db2:446f) has joined ##agilefr
09:04 ~s~ duckmole < (~Thunderbi@2a01:e35:2f26:3b40:79f4:df9a:6db2:446f) has quit [Quit: duckmole]
09:10 ~s~ sfui > (~Adium@AMontpellier-556-1-341-23.w90-28.abo.wanadoo.fr) has joined ##agilefr
09:15 ~s~ duckmole > (~Thunderbi@2a01:e35:2f26:3b40:65b0:1abe:73b2:1319) has joined ##agilefr
09:47 ~s~ duckmole < (~Thunderbi@2a01:e35:2f26:3b40:65b0:1abe:73b2:1319) has quit [Ping timeout: 256 seconds]
09:48 ~s~ duckmole > (~Thunderbi@2a01:e35:2f26:3b40:79f4:df9a:6db2:446f) has joined ##agilefr
12:24 ~s~ sfui < (~Adium@AMontpellier-556-1-341-23.w90-28.abo.wanadoo.fr) has quit [Quit: Leaving.]
12:55 ~s~ sfui > (~Adium@AMontpellier-556-1-341-23.w90-28.abo.wanadoo.fr) has joined ##agilefr
15:11 ~s~ sfui1 > (~Adium@AMontpellier-556-1-341-23.w90-28.abo.wanadoo.fr) has joined ##agilefr
15:11 ~s~ sfui < (~Adium@AMontpellier-556-1-341-23.w90-28.abo.wanadoo.fr) has quit [Read error: Connection reset by peer]
15:40 ~s~ sfui1 < (~Adium@AMontpellier-556-1-341-23.w90-28.abo.wanadoo.fr) has quit [Ping timeout: 255 seconds]
15:43 ~s~ sfui > (~Adium@AMontpellier-556-1-344-15.w90-28.abo.wanadoo.fr) has joined ##agilefr
17:32 ~s~ duckmole < (~Thunderbi@2a01:e35:2f26:3b40:79f4:df9a:6db2:446f) has quit [Quit: duckmole]
17:48 ~s~ ervin < (~kdab@kde/ervin) has quit []
18:41 ~s~ sfui < (~Adium@AMontpellier-556-1-344-15.w90-28.abo.wanadoo.fr) has quit [Quit: Leaving.]
--- Log closed jeu. mars 07 00:00:23 2013
