--- Log opened mar. avril 02 00:00:23 2013
00:26 ~s~ sfui > (~Adium@71.48.14.81.rev.sfr.net) has joined ##agilefr
00:35 ~s~ sfui < (~Adium@71.48.14.81.rev.sfr.net) has quit [Ping timeout: 260 seconds]
01:19 ~s~ yml_ > (~yml@li148-151.members.linode.com) has joined ##agilefr
01:21 ~s~ yml < (~yml@li148-151.members.linode.com) has quit [Ping timeout: 272 seconds]
01:21 ~s~ yml_ is now known as yml
02:31 ~s~ sfui > (~Adium@71.48.14.81.rev.sfr.net) has joined ##agilefr
02:40 ~s~ sfui < (~Adium@71.48.14.81.rev.sfr.net) has quit [Ping timeout: 264 seconds]
09:11 ~s~ sfui > (~Adium@AMontpellier-556-1-287-211.w92-133.abo.wanadoo.fr) has joined ##agilefr
09:30 :           No` : hello les agilistes
10:01 :          sfui : bonjour
12:04 ~s~ sfui < (~Adium@AMontpellier-556-1-287-211.w92-133.abo.wanadoo.fr) has quit [Quit: Leaving.]
14:30 :      pointbar : Hi
14:31 :      pointbar : Houye
14:40 ~s~ sfui > (~Adium@AMontpellier-556-1-287-211.w92-133.abo.wanadoo.fr) has joined ##agilefr
15:56 ~s~ sfui < (~Adium@AMontpellier-556-1-287-211.w92-133.abo.wanadoo.fr) has quit [Quit: Leaving.]
17:03 ~s~ sfui > (~Adium@AMontpellier-556-1-287-211.w92-133.abo.wanadoo.fr) has joined ##agilefr
18:28 ~s~ sfui < (~Adium@AMontpellier-556-1-287-211.w92-133.abo.wanadoo.fr) has quit [Quit: Leaving.]
21:33 ~s~ sfui > (~Adium@71.48.14.81.rev.sfr.net) has joined ##agilefr
--- Log closed mer. avril 03 00:00:23 2013
