--- Log opened ven. mars 01 00:00:23 2013
01:15 ~s~ sfui < (~Adium@71.48.14.81.rev.sfr.net) has quit [Quit: Leaving.]
08:00 ~s~ sfui > (~Adium@71.48.14.81.rev.sfr.net) has joined ##agilefr
08:09 ~s~ sfui < (~Adium@71.48.14.81.rev.sfr.net) has quit [Ping timeout: 240 seconds]
08:18 ~s~ sfui > (~Adium@71.48.14.81.rev.sfr.net) has joined ##agilefr
08:30 ~s~ sfui < (~Adium@71.48.14.81.rev.sfr.net) has quit [Quit: Leaving.]
09:10 ~s~ sfui > (~Adium@AMontpellier-556-1-341-23.w90-28.abo.wanadoo.fr) has joined ##agilefr
09:28 ~s~ olbap > (~pablo@LNantes-156-75-4-61.w82-127.abo.wanadoo.fr) has joined ##agilefr
09:40 ~s~ olbap_ > (~pablo@LNantes-156-75-4-61.w82-127.abo.wanadoo.fr) has joined ##agilefr
09:41 ~s~ olbap < (~pablo@LNantes-156-75-4-61.w82-127.abo.wanadoo.fr) has quit [Ping timeout: 255 seconds]
12:21 ~s~ sfui1 > (~Adium@AMontpellier-556-1-341-23.w90-28.abo.wanadoo.fr) has joined ##agilefr
12:21 ~s~ sfui < (~Adium@AMontpellier-556-1-341-23.w90-28.abo.wanadoo.fr) has quit [Read error: Connection reset by peer]
12:22 :        olbap_ : hello tous
12:46 ~s~ olbap_ < (~pablo@LNantes-156-75-4-61.w82-127.abo.wanadoo.fr) has quit [Quit: Ex-Chat]
13:55 ~s~ sfui1 < (~Adium@AMontpellier-556-1-341-23.w90-28.abo.wanadoo.fr) has quit [Quit: Leaving.]
14:12 ~s~ olbap > (~pablo@lem34-1-88-188-241-42.fbx.proxad.net) has joined ##agilefr
14:40 ~s~ sfui > (~Adium@AMontpellier-556-1-341-23.w90-28.abo.wanadoo.fr) has joined ##agilefr
14:50 ~s~ ervin > (~kdab@kde/ervin) has joined ##agilefr
16:12 ~s~ olbap < (~pablo@lem34-1-88-188-241-42.fbx.proxad.net) has quit [Quit: Ex-Chat]
16:48 ~s~ ervin < (~kdab@kde/ervin) has quit [Ping timeout: 260 seconds]
17:44 ~s~ goldoraf < (~raphael@2a01:e34:eed3:6ab0:d815:9e7e:cb0e:37f7) has quit [Quit: Quitte]
18:34 ~s~ sfui < (~Adium@AMontpellier-556-1-341-23.w90-28.abo.wanadoo.fr) has quit [Quit: Leaving.]
21:44 ~s~ sfui > (~Adium@71.48.14.81.rev.sfr.net) has joined ##agilefr
--- Log closed sam. mars 02 00:00:23 2013
