--- Log opened mar. mars 19 00:00:23 2013
00:46 ~s~ sfui < (~Adium@71.48.14.81.rev.sfr.net) has quit [Quit: Leaving.]
02:13 ~s~ c8h4r1 > (~christian@95.182.140.88.rev.sfr.net) has joined ##agilefr
02:24 ~s~ c8h4r1 < (~christian@95.182.140.88.rev.sfr.net) has quit [Quit: Ex-Chat]
08:09 ~s~ ndubois < (~ndubois@mail1.gpdis.com) has quit [Ping timeout: 260 seconds]
08:32 ~s~ sfui > (~Adium@71.48.14.81.rev.sfr.net) has joined ##agilefr
08:41 ~s~ ndubois > (~ndubois@mail1.gpdis.com) has joined ##agilefr
09:34 :           No` : howdy les agiles
11:19 ~s~ No` < (~No`@hack.lolnet.org) has quit [Ping timeout: 255 seconds]
11:19 ~s~ yml < (~yml@li148-151.members.linode.com) has quit [Ping timeout: 255 seconds]
11:19 ~s~ clrh < (~clrh@xvm-160-55.ghst.net) has quit [Ping timeout: 255 seconds]
--- Log closed mar. mars 19 11:19:05 2013
--- Log opened mar. mars 19 11:19:12 2013
11:19 ~s~ clrh_ > (~clrh@xvm-160-55.ghst.net) has joined ##agilefr
11:19 ~s~ Irssi: ##agilefr: Total of 12 nicks 1 ops, 0 halfops, 0 voices, 11 normal
11:19 ~s~ Irssi: Join to ##agilefr was synced in 41 secs
11:20 ~s~ No` < (~No`@hack.lolnet.org) has quit [Ping timeout: 255 seconds]
11:20 ~s~ yml < (~yml@li148-151.members.linode.com) has quit [Ping timeout: 255 seconds]
11:20 ~s~ clrh < (~clrh@xvm-160-55.ghst.net) has quit [Ping timeout: 255 seconds]
11:20 ~s~ yml > (~yml@li148-151.members.linode.com) has joined ##agilefr
11:21 ~s~ No`_ is now known as No`
12:17 ~s~ sfui < (~Adium@71.48.14.81.rev.sfr.net) has quit [Quit: Leaving.]
12:40 ~s~ sfui > (~Adium@71.48.14.81.rev.sfr.net) has joined ##agilefr
13:41 ~s~ sfui < (~Adium@71.48.14.81.rev.sfr.net) has quit [Quit: Leaving.]
13:41 ~s~ sfui > (~Adium@71.48.14.81.rev.sfr.net) has joined ##agilefr
13:42 :          sfui : Heureusement que Bruno met de l'animation ;-)
13:44 ~s~ You're now known as clrh
14:42 :           No` : sfui: serviteur
14:42 :           No` : j'fais ça dans plein de channels
14:42 :           No` : gratos en plus
14:43 :          sfui : bravo et merci ;)
14:45 :           No` : bon, et sinon, ces exercices d'étirements, c'est fini ?
14:48 :          sfui : ça m'lance encore un peu…
15:18 ~s~ Irssi: ##agilefr: Total of 10 nicks 1 ops, 0 halfops, 0 voices, 9 normal
17:42 ~s~ Netsplit *.net <-> *.split quits: goldoraf
17:43 ~s~ goldoraf > (~raphael@2a01:e34:eed3:6ab0:b420:b8e3:f220:8abd) has joined ##agilefr
19:59 ~s~ sfui < (~Adium@71.48.14.81.rev.sfr.net) has quit [Quit: Leaving.]
21:17 ~s~ duckmole > (~Thunderbi@2a01:e35:2f26:3b40:79ac:f876:79eb:e6cc) has joined ##agilefr
21:27 ~s~ sfui > (~Adium@71.48.14.81.rev.sfr.net) has joined ##agilefr
21:48 ~s~ duckmole < (~Thunderbi@2a01:e35:2f26:3b40:79ac:f876:79eb:e6cc) has quit [Remote host closed the connection]
21:52 ~s~ duckmole > (~Thunderbi@2a01:e35:2f26:3b40:9f6:f0a6:5f7c:275c) has joined ##agilefr
22:41 ~s~ duckmole < (~Thunderbi@2a01:e35:2f26:3b40:9f6:f0a6:5f7c:275c) has quit [Quit: duckmole]
--- Log closed mer. mars 20 00:00:23 2013
