--- Log opened jeu. janv. 24 00:00:57 2013
00:27 ~s~ sfui < (~Adium@238.34.14.81.rev.sfr.net) has quit [Quit: Leaving.]
00:57 ~s~ acassaigne > (~acassaign@min31-6-78-227-67-72.fbx.proxad.net) has joined ##agilefr
00:57 ~s~ acassaigne < (~acassaign@min31-6-78-227-67-72.fbx.proxad.net) has quit [Client Quit]
04:31 ~s~ estrebet_ > (~quassel@gmo34-2-88-175-90-25.fbx.proxad.net) has joined ##agilefr
04:32 ~s~ estrebet_ < (~quassel@gmo34-2-88-175-90-25.fbx.proxad.net) has quit [Client Quit]
04:32 ~s~ estrebet > (~quassel@gmo34-2-88-175-90-25.fbx.proxad.net) has joined ##agilefr
06:54 ~s~ fbentz < (~fbentz@pai34-2-82-240-183-36.fbx.proxad.net) has quit [Quit: fbentz]
08:03 ~s~ olbap > (~karine@lns-bzn-47f-81-56-186-81.adsl.proxad.net) has joined ##agilefr
08:04 :         olbap : salut tous
08:05 :         olbap : code & coffee toulousain avec commentaires dans le salon ? :)
08:12 ~s~ olbap < (~karine@lns-bzn-47f-81-56-186-81.adsl.proxad.net) has left ##agilefr ["Ex-Chat"]
08:13 ~s~ olbap > (~pablo@lns-bzn-47f-81-56-186-81.adsl.proxad.net) has joined ##agilefr
09:02 ~s~ sfui > (~Adium@AMontpellier-556-1-316-35.w81-251.abo.wanadoo.fr) has joined ##agilefr
09:07 ~s~ ndubois > (~ndubois@mail1.gpdis.com) has joined ##agilefr
09:31 :          clrh@: bonjour
09:33 :          sfui : bonjour Claire
09:35 :         olbap : salut
09:36 :         olbap : Claire tu as pris 2 places pour aosud, si ce n'est pas indiscret qui est n°2 ?
09:58 :        bricef : hello
10:08 :         olbap : hello
10:09 :      estrebet : bonjour
10:18 :     david`bgk : hello
10:30 :        bricef : estrebet, tu es sur montpellier?
10:53 :      estrebet : <bricef oui
10:58 :        bricef : ok pareil ;)
11:19 ~s~ sfui < (~Adium@AMontpellier-556-1-316-35.w81-251.abo.wanadoo.fr) has quit [Quit: Leaving.]
--- Log closed jeu. janv. 24 16:12:29 2013
--- Log opened jeu. janv. 24 16:12:37 2013
16:12 ~s~ clrh_ > (~clrh@xvm-160-55.ghst.net) has joined ##agilefr
16:12 ~s~ Irssi: ##agilefr: Total of 11 nicks 2 ops, 0 halfops, 0 voices, 9 normal
16:13 ~s~ Irssi: Join to ##agilefr was synced in 42 secs
16:26 ~s~ acassaigne < (~acassaign@min31-6-78-227-67-72.fbx.proxad.net) has quit [Quit: KVIrc 4.1.1 Equilibrium http://www.kvirc.net/]
17:00 ~s~ pointbar > (~pointbar@ns1.ogeima.com) has joined ##agilefr
17:00 :      pointbar : 'jour
17:01 :      magopian@: hello pointbar ;)
17:02 :      pointbar : yo, mago
17:02 :      magopian@: va bien copain?
17:02 :      pointbar : à donf
17:02 :      pointbar : que dis-je... À DONF
17:02 :      pointbar : et toi ?
17:04 :      magopian@: plutôt très bien ;)
17:13 :         olbap : hey poiiuntbar
17:13 :         olbap : pointbar
17:24 ~s~ goldoraf < (~raphael@2a01:e34:eed3:6ab0:fc67:fd19:c296:1baa) has quit [Ping timeout: 246 seconds]
17:27 ~s~ olbap__ > (~pablo@lem34-1-88-188-241-42.fbx.proxad.net) has joined ##agilefr
17:31 ~s~ olbap < (~pablo@lem34-1-88-188-241-49.fbx.proxad.net) has quit [Ping timeout: 252 seconds]
17:36 ~s~ goldoraf > (~raphael@2a01:e34:eed3:6ab0:60c6:e99c:811c:d200) has joined ##agilefr
--- Log closed jeu. janv. 24 18:05:58 2013
--- Log opened jeu. janv. 24 18:58:59 2013
18:58 ~s~ clrh > (~clrh@xvm-160-55.ghst.net) has joined ##agilefr
18:59 ~s~ Irssi: ##agilefr: Total of 9 nicks 2 ops, 0 halfops, 0 voices, 7 normal
18:59 ~s~ Irssi: Join to ##agilefr was synced in 1 secs
18:59 :          clrh : re
19:02 ~s~ ndubois > (~ndubois@mail1.gpdis.com) has joined ##agilefr
19:33 ~s~ olbap__ < (~pablo@lem34-1-88-188-241-42.fbx.proxad.net) has quit [Quit: Ex-Chat]
19:57 ~s~ mode/##agilefr [+o estrebet] by ChanServ
21:21 ~s~ sfui > (~Adium@242.98.176.95.rev.sfr.net) has joined ##agilefr
22:20 ~s~ sfui1 > (~Adium@157.80.176.95.rev.sfr.net) has joined ##agilefr
22:21 ~s~ sfui < (~Adium@242.98.176.95.rev.sfr.net) has quit [Ping timeout: 264 seconds]
23:27 ~s~ estrebet changed the topic of ##agilefr to: Espace de discussions pour agilistes francophones.
23:27 ~s~ estrebet changed the topic of ##agilefr to: Espace de discussions pour agilistes francophones
--- Log closed ven. janv. 25 00:00:00 2013
