--- Log opened mar. mars 12 00:00:23 2013
00:03 ~s~ sfui < (~Adium@71.48.14.81.rev.sfr.net) has quit [Quit: Leaving.]
03:43 ~s~ [o__o] < (~o__o]@botbot.me) has quit [Remote host closed the connection]
03:43 ~s~ [o__o] > (~o__o]@botbot.me) has joined ##agilefr
07:06 ~s~ ervin > (~kdab@2a01:e34:ee1d:a300:21a:4dff:fe55:3eb2) has joined ##agilefr
07:06 ~s~ ervin < (~kdab@2a01:e34:ee1d:a300:21a:4dff:fe55:3eb2) has quit [Changing host]
07:06 ~s~ ervin > (~kdab@kde/ervin) has joined ##agilefr
08:22 ~s~ sfui > (~Adium@71.48.14.81.rev.sfr.net) has joined ##agilefr
08:25 ~s~ sfui < (~Adium@71.48.14.81.rev.sfr.net) has quit [Client Quit]
09:06 ~s~ sfui > (~Adium@AMontpellier-556-1-344-15.w90-28.abo.wanadoo.fr) has joined ##agilefr
09:53 :           No` : salut les gymnastes
11:14 :      pointbar : pirouette, salto, backflip ...
11:15 :      pointbar : et petit révérence à M. No`
12:19 ~s~ sfui < (~Adium@AMontpellier-556-1-344-15.w90-28.abo.wanadoo.fr) has quit [Quit: Leaving.]
14:08 ~s~ goldoraf > (~raphael@2a01:e34:eed3:6ab0:a024:c629:b789:ba03) has joined ##agilefr
14:17 ~s~ sfui > (~Adium@AMontpellier-556-1-344-15.w90-28.abo.wanadoo.fr) has joined ##agilefr
15:21 ~s~ duckmole < (~Thunderbi@2a01:e35:2f26:3b40:ac04:836a:41dc:d03d) has quit [Quit: duckmole]
16:16 :           No` : bon, j'm'ennuie toujours
17:36 ~s~ duckmole > (~Thunderbi@2a01:e35:2f26:3b40:f077:b6cb:3aca:bc94) has joined ##agilefr
17:45 ~s~ ervin < (~kdab@kde/ervin) has quit []
19:08 ~s~ sfui < (~Adium@AMontpellier-556-1-344-15.w90-28.abo.wanadoo.fr) has quit [Quit: Leaving.]
21:30 ~s~ sfui > (~Adium@71.48.14.81.rev.sfr.net) has joined ##agilefr
22:54 ~s~ duckmole < (~Thunderbi@2a01:e35:2f26:3b40:f077:b6cb:3aca:bc94) has quit [Quit: duckmole]
--- Log closed mer. mars 13 00:00:23 2013
