--- Log opened sam. mars 02 00:00:23 2013
00:08 ~s~ estrebet_ < (~quassel@gmo34-2-88-175-90-25.fbx.proxad.net) has quit [Remote host closed the connection]
00:15 ~s~ sfui < (~Adium@71.48.14.81.rev.sfr.net) has quit [Quit: Leaving.]
09:59 ~s~ ervin > (~kdab@kde/ervin) has joined ##agilefr
11:10 ~s~ sfui > (~Adium@71.48.14.81.rev.sfr.net) has joined ##agilefr
11:49 ~s~ sfui < (~Adium@71.48.14.81.rev.sfr.net) has quit [Quit: Leaving.]
12:02 ~s~ sfui > (~Adium@71.48.14.81.rev.sfr.net) has joined ##agilefr
12:02 ~s~ sfui < (~Adium@71.48.14.81.rev.sfr.net) has quit [Client Quit]
12:26 ~s~ sfui > (~Adium@71.48.14.81.rev.sfr.net) has joined ##agilefr
12:43 ~s~ sfui < (~Adium@71.48.14.81.rev.sfr.net) has quit [Quit: Leaving.]
13:13 ~s~ sfui > (~Adium@71.48.14.81.rev.sfr.net) has joined ##agilefr
13:22 ~s~ sfui < (~Adium@71.48.14.81.rev.sfr.net) has quit [Ping timeout: 252 seconds]
13:58 ~s~ ervin < (~kdab@kde/ervin) has quit [Ping timeout: 272 seconds]
14:47 ~s~ ervin > (~kdab@kde/ervin) has joined ##agilefr
15:19 ~s~ sfui > (~Adium@71.48.14.81.rev.sfr.net) has joined ##agilefr
15:24 ~s~ sfui < (~Adium@71.48.14.81.rev.sfr.net) has quit [Ping timeout: 252 seconds]
18:16 ~s~ sfui > (~Adium@71.48.14.81.rev.sfr.net) has joined ##agilefr
18:29 ~s~ sfui < (~Adium@71.48.14.81.rev.sfr.net) has quit [Quit: Leaving.]
18:42 ~s~ ervin < (~kdab@kde/ervin) has quit [Ping timeout: 272 seconds]
19:30 ~s~ ervin > (~kdab@kde/ervin) has joined ##agilefr
23:35 ~s~ 65MAAM4GU > (~quassel@gmo34-2-88-175-90-25.fbx.proxad.net) has joined ##agilefr
23:35 ~s~ 65MAAM4GU < (~quassel@gmo34-2-88-175-90-25.fbx.proxad.net) has quit [Client Quit]
23:36 ~s~ estrebet_ > (~quassel@gmo34-2-88-175-90-25.fbx.proxad.net) has joined ##agilefr
--- Log closed dim. mars 03 00:00:23 2013
