--- Log opened dim. janv. 27 00:00:00 2013
13:36 ~s~ estrebet_ > (~quassel@gmo34-2-88-175-90-25.fbx.proxad.net) has joined ##agilefr
13:37 ~s~ olbap > (~pablo@78.200.188.3) has joined ##agilefr
13:37 ~s~ estrebet_ < (~quassel@gmo34-2-88-175-90-25.fbx.proxad.net) has quit [Client Quit]
13:38 ~s~ estrebet_ > (~quassel@gmo34-2-88-175-90-25.fbx.proxad.net) has joined ##agilefr
14:19 ~s~ sfui > (~Adium@200.16.14.81.rev.sfr.net) has joined ##agilefr
14:28 ~s~ acassaigne > (~acassaign@AToulouse-555-1-2-4.w92-156.abo.wanadoo.fr) has joined ##agilefr
14:48 ~s~ olbap < (~pablo@78.200.188.3) has quit [Quit: Ex-Chat]
15:44 ~s~ acassaigne < (~acassaign@AToulouse-555-1-2-4.w92-156.abo.wanadoo.fr) has quit [Quit: KVIrc 4.1.1 Equilibrium http://www.kvirc.net/]
15:56 ~s~ sfui < (~Adium@200.16.14.81.rev.sfr.net) has quit [Quit: Leaving.]
17:25 ~s~ sfui > (~Adium@200.16.14.81.rev.sfr.net) has joined ##agilefr
17:31 ~s~ estrebet_ < (~quassel@gmo34-2-88-175-90-25.fbx.proxad.net) has quit [Quit: http://quassel-irc.org - Discuter simplement. Partout.]
17:31 ~s~ estrebet_ > (~quassel@gmo34-2-88-175-90-25.fbx.proxad.net) has joined ##agilefr
17:32 ~s~ estrebet_ < (~quassel@gmo34-2-88-175-90-25.fbx.proxad.net) has quit [Client Quit]
17:32 ~s~ estrebet > (~quassel@gmo34-2-88-175-90-25.fbx.proxad.net) has joined ##agilefr
17:58 ~s~ sfui < (~Adium@200.16.14.81.rev.sfr.net) has quit [Quit: Leaving.]
20:02 ~s~ olbap > (~pablo@78.200.188.3) has joined ##agilefr
21:06 ~s~ estrebet < (~quassel@gmo34-2-88-175-90-25.fbx.proxad.net) has quit [Quit: No Ping reply in 180 seconds.]
21:07 ~s~ estrebet > (~quassel@gmo34-2-88-175-90-25.fbx.proxad.net) has joined ##agilefr
21:11 ~s~ estrebet < (~quassel@gmo34-2-88-175-90-25.fbx.proxad.net) has quit [Client Quit]
21:12 ~s~ estrebet > (~quassel@gmo34-2-88-175-90-25.fbx.proxad.net) has joined ##agilefr
21:21 ~s~ olbap < (~pablo@78.200.188.3) has quit [Quit: Ex-Chat]
21:46 ~s~ sfui > (~Adium@200.16.14.81.rev.sfr.net) has joined ##agilefr
21:54 ~s~ sfui < (~Adium@200.16.14.81.rev.sfr.net) has quit [Ping timeout: 252 seconds]
22:19 ~s~ sfui > (~Adium@200.16.14.81.rev.sfr.net) has joined ##agilefr
22:32 ~s~ estrebet < (~quassel@gmo34-2-88-175-90-25.fbx.proxad.net) has quit [Ping timeout: 252 seconds]
23:30 ~s~ sfui < (~Adium@200.16.14.81.rev.sfr.net) has quit [Quit: Leaving.]
--- Log closed lun. janv. 28 00:00:00 2013
