--- Log opened ven. févr. 15 00:00:00 2013
00:18 ~s~ sfui < (~Adium@71.48.14.81.rev.sfr.net) has quit [Quit: Leaving.]
--- Log closed ven. févr. 15 06:04:34 2013
--- Log opened ven. févr. 15 06:04:42 2013
06:04 ~s~ clrh > (~clrh@xvm-160-55.ghst.net) has joined ##agilefr
06:04 ~s~ Irssi: ##agilefr: Total of 8 nicks 1 ops, 0 halfops, 0 voices, 7 normal
06:05 ~s~ Irssi: Join to ##agilefr was synced in 42 secs
06:32 ~s~ exonarthex > (~ico-TEMP@121.97.124.112) has joined ##agilefr
06:33 ~s~ exonarthex < (~ico-TEMP@121.97.124.112) has left ##agilefr []
09:24 ~s~ sfui > (~Adium@AMontpellier-556-1-344-125.w90-28.abo.wanadoo.fr) has joined ##agilefr
09:32 ~s~ duckmole > (~Thunderbi@2a01:e35:2f26:3b40:6087:779:a085:1f3b) has joined ##agilefr
09:59 ~s~ ndubois > (~ndubois@mail1.gpdis.com) has joined ##agilefr
10:21 :       ndubois : https://twitter.com/L_Demontiers/status/301685925040246787
10:21  * ndubois pousse un grand soupir…
10:39 ~s~ sfui < (~Adium@AMontpellier-556-1-344-125.w90-28.abo.wanadoo.fr) has quit [Quit: Leaving.]
10:50 ~s~ olbap > (~pablo@lem34-1-88-188-241-42.fbx.proxad.net) has joined ##agilefr
10:51 :         olbap : bonjour tous
10:54 :          clrh : bonjour
13:58 ~s~ goldoraf < (~raphael@2a01:e34:eed3:6ab0:207b:7944:9a8d:772e) has quit [Ping timeout: 264 seconds]
14:12 ~s~ goldoraf > (~raphael@2a01:e34:eed3:6ab0:c818:a36:9ec3:5808) has joined ##agilefr
15:03 ~s~ goldoraf < (~raphael@2a01:e34:eed3:6ab0:c818:a36:9ec3:5808) has quit [Ping timeout: 256 seconds]
15:04 ~s~ goldoraf > (~raphael@2a01:e34:eed3:6ab0:c818:a36:9ec3:5808) has joined ##agilefr
15:28 ~s~ goldoraf < (~raphael@2a01:e34:eed3:6ab0:c818:a36:9ec3:5808) has quit [Ping timeout: 256 seconds]
17:54 ~s~ olbap < (~pablo@lem34-1-88-188-241-42.fbx.proxad.net) has quit [Quit: Ex-Chat]
18:15 ~s~ ndubois < (~ndubois@mail1.gpdis.com) has quit [Quit: Leaving.]
18:36 ~s~ bricef < (~brice@94.103.137.121) has quit [Quit: Quitte]
--- Log closed sam. févr. 16 00:00:00 2013
