--- Log opened jeu. mars 21 00:00:23 2013
08:52 :      pointbar : Oy !
08:53 :           No` : grönk
09:10 ~s~ sfui > (~Adium@AMontpellier-556-1-258-146.w90-0.abo.wanadoo.fr) has joined ##agilefr
13:55 ~s~ sfui < (~Adium@AMontpellier-556-1-258-146.w90-0.abo.wanadoo.fr) has quit [Quit: Leaving.]
15:02 ~s~ sfui > (~Adium@AMontpellier-556-1-258-146.w90-0.abo.wanadoo.fr) has joined ##agilefr
15:15 ~s~ sfui < (~Adium@AMontpellier-556-1-258-146.w90-0.abo.wanadoo.fr) has quit [Ping timeout: 252 seconds]
15:18 ~s~ sfui > (~Adium@AMontpellier-556-1-258-146.w90-0.abo.wanadoo.fr) has joined ##agilefr
15:33 ~s~ ndubois < (~ndubois@mail1.gpdis.com) has quit [Quit: Leaving.]
17:48 ~s~ goldoraf < (~raphael@2a01:e34:eed3:6ab0:b420:b8e3:f220:8abd) has quit [Ping timeout: 264 seconds]
18:00 ~s~ goldoraf > (~raphael@2a01:e34:eed3:6ab0:b0c8:f01c:b5ab:7a9e) has joined ##agilefr
18:03 ~s~ [o__o] < (~o__o]@botbot.me) has quit [Remote host closed the connection]
18:03 ~s~ [o__o] > (~o__o]@botbot.me) has joined ##agilefr
18:12 ~s~ sfui < (~Adium@AMontpellier-556-1-258-146.w90-0.abo.wanadoo.fr) has quit [Quit: Leaving.]
18:54 ~s~ Jean_cz > (jeancz@ip-89-102-9-109.net.upcbroadband.cz) has joined ##agilefr
20:22 ~s~ [o__o] < (~o__o]@botbot.me) has quit [Remote host closed the connection]
20:22 ~s~ [o__o] > (~o__o]@botbot.me) has joined ##agilefr
21:25 ~s~ Jean_cz < (jeancz@ip-89-102-9-109.net.upcbroadband.cz) has quit [Read error: Connection reset by peer]
21:57 ~s~ sfui > (~Adium@71.48.14.81.rev.sfr.net) has joined ##agilefr
23:23 ~s~ goldoraf < (~raphael@2a01:e34:eed3:6ab0:b0c8:f01c:b5ab:7a9e) has quit [Ping timeout: 246 seconds]
--- Log closed ven. mars 22 00:00:23 2013
