--- Log opened jeu. avril 04 00:00:23 2013
00:57 ~s~ sfui < (~Adium@71.48.14.81.rev.sfr.net) has quit [Quit: Leaving.]
07:32 ~s~ clrh < (~clrh@xvm-160-55.ghst.net) has quit [Ping timeout: 276 seconds]
--- Log closed jeu. avril 04 07:32:05 2013
--- Log opened jeu. avril 04 07:32:13 2013
07:32 ~s~ clrh_ > (~clrh@xvm-160-55.ghst.net) has joined ##agilefr
07:32 ~s~ Irssi: ##agilefr: Total of 8 nicks 1 ops, 0 halfops, 0 voices, 7 normal
07:32 ~s~ Irssi: Join to ##agilefr was synced in 47 secs
07:38 ~s~ clrh < (~clrh@xvm-160-55.ghst.net) has quit [Ping timeout: 276 seconds]
09:02 ~s~ sfui > (~Adium@AMontpellier-556-1-156-109.w109-210.abo.wanadoo.fr) has joined ##agilefr
09:16 :      pointbar : good mornin'
09:45 ~s~ You're now known as clrh
09:47 :          clrh : bonjour
14:34 :      pointbar : En route pour #AOS2013
14:36 :           No` : ouh putain, j'suis à la bourre !
14:36 :           No` : (ah, non, j'y vais pas
14:36 :           No` : )
14:48 :          sfui : Déjà tu pars ?!
14:51 :           No` : il va mettre le chauffage
15:26 :          sfui : Vu le temps prévu, il aurait fallu le brancher le week-end dernier…
18:11 ~s~ sfui < (~Adium@AMontpellier-556-1-156-109.w109-210.abo.wanadoo.fr) has quit [Quit: Leaving.]
21:50 ~s~ [o__o] < (~o__o]@botbot.me) has quit [Remote host closed the connection]
21:51 ~s~ [o__o] > (~o__o]@botbot.me) has joined ##agilefr
21:53 ~s~ [o__o] < (~o__o]@botbot.me) has quit [Remote host closed the connection]
21:54 ~s~ [o__o] > (~o__o]@botbot.me) has joined ##agilefr
22:04 ~s~ sfui > (~Adium@71.48.14.81.rev.sfr.net) has joined ##agilefr
23:54 ~s~ sfui < (~Adium@71.48.14.81.rev.sfr.net) has quit [Quit: Leaving.]
--- Log closed ven. avril 05 00:00:23 2013
