--- Log opened mer. avril 10 00:00:23 2013
01:46 ~s~ avernois_ > (~avernois@gulltopp.vernois.net) has joined ##agilefr
01:46 ~s~ avernois < (~avernois@gulltopp.vernois.net) has quit [Quit: ZNC - http://znc.sourceforge.net]
09:27 ~s~ No`_ is now known as No`
09:28 :           No` : salut les gymnastes
09:43 :      pointbar : Hi No`
09:47 :           No` : d'ailleurs c'est quand les JO ?
10:26 ~s~ estrebet_ > (~quassel@gmo34-2-88-175-90-25.fbx.proxad.net) has joined ##agilefr
12:16 ~s~ sfui > (~Adium@AMontpellier-556-1-156-109.w109-210.abo.wanadoo.fr) has joined ##agilefr
12:23 ~s~ sfui < (~Adium@AMontpellier-556-1-156-109.w109-210.abo.wanadoo.fr) has quit [Quit: Leaving.]
13:54 ~s~ sfui > (~Adium@44.41.14.81.rev.sfr.net) has joined ##agilefr
15:09 ~s~ sfui < (~Adium@44.41.14.81.rev.sfr.net) has quit [Quit: Leaving.]
15:38 ~s~ sfui > (~Adium@44.41.14.81.rev.sfr.net) has joined ##agilefr
15:53 ~s~ sfui < (~Adium@44.41.14.81.rev.sfr.net) has quit [Quit: Leaving.]
15:53 ~s~ clrh < (~clrh@xvm-160-55.ghst.net) has quit [Ping timeout: 255 seconds]
--- Log closed mer. avril 10 15:53:27 2013
--- Log opened mer. avril 10 15:53:34 2013
15:53 ~s~ clrh > (~clrh@xvm-160-55.ghst.net) has joined ##agilefr
15:53 ~s~ Irssi: ##agilefr: Total of 9 nicks 1 ops, 0 halfops, 0 voices, 8 normal
15:54 ~s~ Irssi: Join to ##agilefr was synced in 47 secs
17:53 ~s~ sfui > (~Adium@44.41.14.81.rev.sfr.net) has joined ##agilefr
19:22 ~s~ sfui < (~Adium@44.41.14.81.rev.sfr.net) has quit [Quit: Leaving.]
19:52 ~s~ sfui > (~Adium@44.41.14.81.rev.sfr.net) has joined ##agilefr
20:21 ~s~ sfui < (~Adium@44.41.14.81.rev.sfr.net) has quit [Quit: Leaving.]
21:41 ~s~ sfui > (~Adium@44.41.14.81.rev.sfr.net) has joined ##agilefr
22:29 ~s~ estrebet_ < (~quassel@gmo34-2-88-175-90-25.fbx.proxad.net) has quit [Read error: Operation timed out]
--- Log closed jeu. avril 11 00:00:27 2013
