--- Log opened mar. mars 05 00:00:23 2013
07:07 ~s~ ervin > (~kdab@2a01:e34:ee1d:a300:21a:4dff:fe55:3eb2) has joined ##agilefr
07:07 ~s~ ervin < (~kdab@2a01:e34:ee1d:a300:21a:4dff:fe55:3eb2) has quit [Changing host]
07:07 ~s~ ervin > (~kdab@kde/ervin) has joined ##agilefr
08:14 :      pointbar : Oy'
09:00 ~s~ sfui > (~Adium@AMontpellier-556-1-341-23.w90-28.abo.wanadoo.fr) has joined ##agilefr
09:42 ~s~ duckmole > (~Thunderbi@2a01:e35:2f26:3b40:14b8:bea1:b64b:52f1) has joined ##agilefr
12:26 ~s~ sfui < (~Adium@AMontpellier-556-1-341-23.w90-28.abo.wanadoo.fr) has quit [Quit: Leaving.]
12:57 ~s~ duckmole < (~Thunderbi@2a01:e35:2f26:3b40:14b8:bea1:b64b:52f1) has quit [Ping timeout: 256 seconds]
12:57 ~s~ sfui > (~Adium@AMontpellier-556-1-341-23.w90-28.abo.wanadoo.fr) has joined ##agilefr
13:06 ~s~ sfui < (~Adium@AMontpellier-556-1-341-23.w90-28.abo.wanadoo.fr) has quit [Ping timeout: 252 seconds]
13:53 ~s~ sfui > (~Adium@AMontpellier-556-1-341-23.w90-28.abo.wanadoo.fr) has joined ##agilefr
14:06 ~s~ ndubois < (~ndubois@mail1.gpdis.com) has quit [Remote host closed the connection]
14:13 ~s~ ndubois > (~ndubois@mail1.gpdis.com) has joined ##agilefr
15:37 ~s~ duckmole > (~Thunderbi@2a01:e35:2f26:3b40:70b4:3c8b:dce3:d7c4) has joined ##agilefr
16:43 ~s~ ervin < (~kdab@kde/ervin) has quit []
16:56 ~s~ sfui1 > (~Adium@AMontpellier-556-1-341-23.w90-28.abo.wanadoo.fr) has joined ##agilefr
16:56 ~s~ sfui < (~Adium@AMontpellier-556-1-341-23.w90-28.abo.wanadoo.fr) has quit [Read error: Connection reset by peer]
17:36 ~s~ bricef > (~brice@94.103.137.121) has joined ##agilefr
18:10 ~s~ duckmole < (~Thunderbi@2a01:e35:2f26:3b40:70b4:3c8b:dce3:d7c4) has quit [Ping timeout: 256 seconds]
18:49 ~s~ Lili_314 > (~Lili_314@165.107.91.79.rev.sfr.net) has joined ##agilefr
19:04 ~s~ sfui1 < (~Adium@AMontpellier-556-1-341-23.w90-28.abo.wanadoo.fr) has quit [Quit: Leaving.]
19:04 ~s~ Lili_314 < (~Lili_314@165.107.91.79.rev.sfr.net) has quit [Quit: Quitte]
22:12 ~s~ sfui > (~Adium@71.48.14.81.rev.sfr.net) has joined ##agilefr
22:40 ~s~ bakansito > (~romero@190.234.162.13) has joined ##agilefr
22:41 ~s~ bakansito < (~romero@190.234.162.13) has left ##agilefr []
--- Log closed mer. mars 06 00:00:23 2013
