--- Log opened sam. janv. 26 00:00:00 2013
00:32 ~s~ sfui < (~Adium@157.80.176.95.rev.sfr.net) has quit [Quit: Leaving.]
00:40 ~s~ sfui > (~Adium@157.80.176.95.rev.sfr.net) has joined ##agilefr
00:52 ~s~ sfui < (~Adium@157.80.176.95.rev.sfr.net) has quit [Quit: Leaving.]
10:03 ~s~ olbap > (~pablo@78.200.188.3) has joined ##agilefr
11:59 ~s~ olbap < (~pablo@78.200.188.3) has quit [Quit: Ex-Chat]
12:16 ~s~ sfui > (~Adium@200.16.14.81.rev.sfr.net) has joined ##agilefr
12:29 ~s~ sfui < (~Adium@200.16.14.81.rev.sfr.net) has quit [Quit: Leaving.]
13:09 ~s~ sfui > (~Adium@200.16.14.81.rev.sfr.net) has joined ##agilefr
13:36 ~s~ sfui < (~Adium@200.16.14.81.rev.sfr.net) has quit [Quit: Leaving.]
14:07 ~s~ sfui > (~Adium@200.16.14.81.rev.sfr.net) has joined ##agilefr
14:16 ~s~ sfui < (~Adium@200.16.14.81.rev.sfr.net) has quit [Ping timeout: 252 seconds]
15:58 ~s~ sfui > (~Adium@200.16.14.81.rev.sfr.net) has joined ##agilefr
16:00 ~s~ olbap > (~pablo@78.200.188.3) has joined ##agilefr
16:01 :         olbap : les enfants prépare des crêpes
16:01 :         olbap : et concours de Skyrim avec le fiston sur la ps3
16:01 :         olbap : passionnant hein ?
16:13 :      pointbar : et moi, je pomodoroth
16:13 :      pointbar : ;)
16:24 :     david`bgk : et moi, je me retiens d'aller courir en codant
16:29 ~s~ sfui < (~Adium@200.16.14.81.rev.sfr.net) has quit [Quit: Leaving.]
16:44 ~s~ olbap < (~pablo@78.200.188.3) has quit [Ping timeout: 256 seconds]
16:45 :      pointbar : ... à 2 doigts de me retenir de coder en allant courir
17:06 ~s~ olbap_ > (~pablo@78.200.188.3) has joined ##agilefr
17:06 :        olbap_ : crêpes !
17:06 :        olbap_ : confiture chataigne & marron, cointreau
17:06 :        olbap_ : oeufs lardons
17:06 :        olbap_ : ...nutella (j'avoue)
17:07 :        olbap_ : mais toi tu ne peux pas courir ? entorse ?
17:13 :        olbap_ : les enfants préparent... mes fautes !!! énorme.
17:14 :      pointbar : olbap_: tu testes notre résistance ?
17:14 :      pointbar : ;p
17:16 :      pointbar : olbap_: http://www.youtube.com/watch?v=TZ5Zwrcvvaw
17:17 :        olbap_ : vita parrone ?
17:18 :        olbap_ : pomodoroth c'est un clerc maléfique niveau combien ?
17:18 :        olbap_ : bon crêpes prètes
17:19 :        olbap_ : je vais tester le sustainable encas.
17:31 :      pointbar : olbap_: http://www.pomodorotechnique.com
17:54 ~s~ olbap_ < (~pablo@78.200.188.3) has quit [Ping timeout: 256 seconds]
18:20 ~s~ olbap_ > (~pablo@78.200.188.3) has joined ##agilefr
18:20 :        olbap_ : non mais je connais pomodoro. Jamais marché avec moi.
22:42 ~s~ olbap_ < (~pablo@78.200.188.3) has quit [Quit: Ex-Chat]
--- Log closed dim. janv. 27 00:00:00 2013
