--- Log opened lun. févr. 11 00:00:00 2013
07:36 ~s~ ervin > (~kdab@2a01:e34:ee1d:a300:21a:4dff:fe55:3eb2) has joined ##agilefr
07:36 ~s~ ervin < (~kdab@2a01:e34:ee1d:a300:21a:4dff:fe55:3eb2) has quit [Changing host]
07:36 ~s~ ervin > (~kdab@kde/ervin) has joined ##agilefr
08:57 ~s~ duckmole > (~Thunderbi@2a01:e35:2f26:3b40:590b:2498:af9f:97c0) has joined ##agilefr
09:12 ~s~ sfui > (~Adium@AMontpellier-556-1-165-248.w109-210.abo.wanadoo.fr) has joined ##agilefr
09:58 ~s~ sfui1 > (~Adium@AMontpellier-556-1-165-248.w109-210.abo.wanadoo.fr) has joined ##agilefr
09:58 ~s~ sfui < (~Adium@AMontpellier-556-1-165-248.w109-210.abo.wanadoo.fr) has quit [Read error: Connection reset by peer]
11:46 ~s~ bricef > (~brice@94.103.137.121) has joined ##agilefr
11:46 ~s~ duckmole < (~Thunderbi@2a01:e35:2f26:3b40:590b:2498:af9f:97c0) has quit [Quit: duckmole]
11:50 ~s~ duckmole > (~Thunderbi@2a01:e35:2f26:3b40:a8a6:4f21:d581:f0cd) has joined ##agilefr
12:35 ~s~ sfui > (~Adium@AMontpellier-556-1-165-248.w109-210.abo.wanadoo.fr) has joined ##agilefr
12:35 ~s~ sfui1 < (~Adium@AMontpellier-556-1-165-248.w109-210.abo.wanadoo.fr) has quit [Read error: Connection reset by peer]
12:49 ~s~ sfui < (~Adium@AMontpellier-556-1-165-248.w109-210.abo.wanadoo.fr) has quit [Quit: Leaving.]
12:56 ~s~ duckmole < (~Thunderbi@2a01:e35:2f26:3b40:a8a6:4f21:d581:f0cd) has quit [Remote host closed the connection]
12:58 ~s~ duckmole > (~Thunderbi@2a01:e35:2f26:3b40:20e5:319e:aebb:7c65) has joined ##agilefr
13:06 ~s~ sfui > (~Adium@AMontpellier-556-1-165-248.w109-210.abo.wanadoo.fr) has joined ##agilefr
14:53 ~s~ duckmole < (~Thunderbi@2a01:e35:2f26:3b40:20e5:319e:aebb:7c65) has quit [Quit: duckmole]
14:55 ~s~ duckmole > (~Thunderbi@2a01:e35:2f26:3b40:30c4:6c50:d2d3:57f7) has joined ##agilefr
16:06 ~s~ yml_ > (~yml@li148-151.members.linode.com) has joined ##agilefr
16:07 ~s~ yml < (~yml@li148-151.members.linode.com) has quit [Ping timeout: 276 seconds]
16:07 ~s~ yml_ is now known as yml
17:13 ~s~ duckmole < (~Thunderbi@2a01:e35:2f26:3b40:30c4:6c50:d2d3:57f7) has quit [Quit: duckmole]
17:16 ~s~ duckmole > (~Thunderbi@2a01:e35:2f26:3b40:1499:9efc:e9:6526) has joined ##agilefr
17:57 ~s~ sfui < (~Adium@AMontpellier-556-1-165-248.w109-210.abo.wanadoo.fr) has quit [Quit: Leaving.]
18:01 ~s~ duckmole < (~Thunderbi@2a01:e35:2f26:3b40:1499:9efc:e9:6526) has quit [Quit: duckmole]
18:48 ~s~ sfui > (~Adium@AMontpellier-556-1-165-248.w109-210.abo.wanadoo.fr) has joined ##agilefr
19:49 ~s~ ervin < (~kdab@kde/ervin) has quit []
19:51 ~s~ ipmbbot > (~ipmbbot@189.182.22.88) has joined ##agilefr
19:52 ~s~ ipmbbot < (~ipmbbot@189.182.22.88) has quit [Remote host closed the connection]
19:56 ~s~ ipmbbot > (~ipmbbot@189.182.22.88) has joined ##agilefr
19:57 ~s~ ipmbbot < (~ipmbbot@189.182.22.88) has quit [Remote host closed the connection]
19:58 ~s~ ipmbbot > (~ipmbbot@189.182.22.88) has joined ##agilefr
19:58 ~s~ ipmbbot < (~ipmbbot@189.182.22.88) has quit [Remote host closed the connection]
20:22 ~s~ sfui < (~Adium@AMontpellier-556-1-165-248.w109-210.abo.wanadoo.fr) has quit [Quit: Leaving.]
21:51 ~s~ sfui > (~Adium@247.118.176.95.rev.sfr.net) has joined ##agilefr
22:25 ~s~ [o__o] < (~o__o]@botbot.me) has quit [Remote host closed the connection]
22:25 ~s~ [o__o] > (~o__o]@botbot.me) has joined ##agilefr
22:25 ~s~ [o__o] < (~o__o]@botbot.me) has quit [Excess Flood]
22:25 ~s~ [o__o] > (~o__o]@botbot.me) has joined ##agilefr
22:25 ~s~ [o__o] < (~o__o]@botbot.me) has quit [Excess Flood]
22:25 ~s~ [o__o] > (~o__o]@botbot.me) has joined ##agilefr
22:25 ~s~ [o__o] < (~o__o]@botbot.me) has quit [Excess Flood]
22:34 ~s~ [o__o] > (~o__o]@botbot.me) has joined ##agilefr
22:34 ~s~ [o__o] < (~o__o]@botbot.me) has quit [Excess Flood]
22:34 ~s~ [o__o] > (~o__o]@botbot.me) has joined ##agilefr
22:34 ~s~ [o__o] < (~o__o]@botbot.me) has quit [Excess Flood]
22:34 ~s~ [o__o] > (~o__o]@botbot.me) has joined ##agilefr
22:34 ~s~ [o__o] < (~o__o]@botbot.me) has quit [Excess Flood]
22:47 ~s~ [o__o] > (~o__o]@botbot.me) has joined ##agilefr
--- Log closed mar. févr. 12 00:00:00 2013
