--- Log opened mer. févr. 27 00:00:23 2013
00:26 ~s~ sfui < (~Adium@71.48.14.81.rev.sfr.net) has quit [Quit: Leaving.]
00:28 ~s~ estrebet_ < (~quassel@gmo34-2-88-175-90-25.fbx.proxad.net) has quit [Remote host closed the connection]
01:20 ~s~ rafaelsene > (~sene@201.53.238.204) has joined ##agilefr
01:20 ~s~ rafaelsene < (~sene@201.53.238.204) has left ##agilefr []
02:34 ~s~ sfui > (~Adium@71.48.14.81.rev.sfr.net) has joined ##agilefr
02:43 ~s~ sfui < (~Adium@71.48.14.81.rev.sfr.net) has quit [Ping timeout: 252 seconds]
07:42 ~s~ ervin > (~kdab@2a01:e34:ee1d:a300:21a:4dff:fe55:3eb2) has joined ##agilefr
07:42 ~s~ ervin < (~kdab@2a01:e34:ee1d:a300:21a:4dff:fe55:3eb2) has quit [Changing host]
07:42 ~s~ ervin > (~kdab@kde/ervin) has joined ##agilefr
09:33 ~s~ duckmole > (~Thunderbi@2a01:e35:2f26:3b40:c4a4:e191:ea97:bd78) has joined ##agilefr
09:56 ~s~ sfui > (~Adium@AMontpellier-556-1-172-234.w109-210.abo.wanadoo.fr) has joined ##agilefr
10:54 ~s~ duckmole < (~Thunderbi@2a01:e35:2f26:3b40:c4a4:e191:ea97:bd78) has quit [Remote host closed the connection]
10:56 ~s~ duckmole > (~Thunderbi@2a01:e35:2f26:3b40:b50b:f83:ba13:c671) has joined ##agilefr
11:51 ~s~ [o__o] < (~o__o]@botbot.me) has quit [Remote host closed the connection]
11:51 ~s~ [o__o] > (~o__o]@botbot.me) has joined ##agilefr
12:48 ~s~ sfui1 > (~Adium@AMontpellier-556-1-172-234.w109-210.abo.wanadoo.fr) has joined ##agilefr
12:48 ~s~ sfui < (~Adium@AMontpellier-556-1-172-234.w109-210.abo.wanadoo.fr) has quit [Read error: Connection reset by peer]
13:36 ~s~ sfui1 < (~Adium@AMontpellier-556-1-172-234.w109-210.abo.wanadoo.fr) has quit [Quit: Leaving.]
14:04 ~s~ sfui > (~Adium@AMontpellier-556-1-172-234.w109-210.abo.wanadoo.fr) has joined ##agilefr
14:38 ~s~ sfui1 > (~Adium@AMontpellier-556-1-172-234.w109-210.abo.wanadoo.fr) has joined ##agilefr
14:38 ~s~ sfui < (~Adium@AMontpellier-556-1-172-234.w109-210.abo.wanadoo.fr) has quit [Read error: Connection reset by peer]
15:12 ~s~ sfui1 < (~Adium@AMontpellier-556-1-172-234.w109-210.abo.wanadoo.fr) has quit [Quit: Leaving.]
15:29 ~s~ sfui > (~Adium@AMontpellier-556-1-172-234.w109-210.abo.wanadoo.fr) has joined ##agilefr
16:52 ~s~ duckmole < (~Thunderbi@2a01:e35:2f26:3b40:b50b:f83:ba13:c671) has quit [Quit: duckmole]
19:36 ~s~ sfui < (~Adium@AMontpellier-556-1-172-234.w109-210.abo.wanadoo.fr) has quit [Quit: Leaving.]
21:49 ~s~ sfui > (~Adium@71.48.14.81.rev.sfr.net) has joined ##agilefr
23:15 ~s~ sfui < (~Adium@71.48.14.81.rev.sfr.net) has quit [Quit: Leaving.]
23:33 ~s~ ervin < (~kdab@kde/ervin) has quit []
--- Log closed jeu. févr. 28 00:00:23 2013
