--- Log opened mar. févr. 12 00:00:00 2013
00:20 ~s~ sfui < (~Adium@247.118.176.95.rev.sfr.net) has quit [Quit: Leaving.]
04:39 ~s~ Netsplit *.net <-> *.split quits: [o__o]
04:42 ~s~ Netsplit over, joins: [o__o]
07:02 ~s~ ervin > (~kdab@2a01:e34:ee1d:a300:21a:4dff:fe55:3eb2) has joined ##agilefr
07:02 ~s~ ervin < (~kdab@2a01:e34:ee1d:a300:21a:4dff:fe55:3eb2) has quit [Changing host]
07:02 ~s~ ervin > (~kdab@kde/ervin) has joined ##agilefr
09:10 ~s~ ndubois > (~ndubois@mail1.gpdis.com) has joined ##agilefr
09:14 ~s~ sfui > (~Adium@AMontpellier-556-1-327-53.w81-251.abo.wanadoo.fr) has joined ##agilefr
09:20 ~s~ goldoraf > (~raphael@2a01:e34:eed3:6ab0:70df:76ff:551d:fa92) has joined ##agilefr
13:09 ~s~ sfui < (~Adium@AMontpellier-556-1-327-53.w81-251.abo.wanadoo.fr) has quit [Quit: Leaving.]
14:28 ~s~ sfui > (~Adium@AMontpellier-556-1-327-53.w81-251.abo.wanadoo.fr) has joined ##agilefr
14:43 ~s~ duckmole > (~Thunderbi@2a01:e35:2f26:3b40:8c2a:227b:a755:fa40) has joined ##agilefr
15:23 ~s~ sfui < (~Adium@AMontpellier-556-1-327-53.w81-251.abo.wanadoo.fr) has quit [Quit: Leaving.]
15:52 ~s~ sfui > (~Adium@AMontpellier-556-1-327-53.w81-251.abo.wanadoo.fr) has joined ##agilefr
18:04 ~s~ duckmole < (~Thunderbi@2a01:e35:2f26:3b40:8c2a:227b:a755:fa40) has quit [Quit: duckmole]
18:51 ~s~ sfui < (~Adium@AMontpellier-556-1-327-53.w81-251.abo.wanadoo.fr) has quit [Quit: Leaving.]
19:01 ~s~ estrebet_ > (~quassel@gmo34-2-88-175-90-25.fbx.proxad.net) has joined ##agilefr
19:01 :     estrebet_ : bonsoir
21:54 ~s~ ervin < (~kdab@kde/ervin) has quit []
21:55 ~s~ sfui > (~Adium@247.118.176.95.rev.sfr.net) has joined ##agilefr
22:42 ~s~ estrebet_ < (~quassel@gmo34-2-88-175-90-25.fbx.proxad.net) has quit [Ping timeout: 252 seconds]
23:31 ~s~ sfui < (~Adium@247.118.176.95.rev.sfr.net) has quit [Quit: Leaving.]
--- Log closed mer. févr. 13 00:00:00 2013
