--- Log opened lun. mars 11 00:00:23 2013
00:15 ~s~ sfui < (~Adium@71.48.14.81.rev.sfr.net) has quit [Quit: Leaving.]
07:07 ~s~ ervin > (~kdab@2a01:e34:ee1d:a300:21a:4dff:fe55:3eb2) has joined ##agilefr
07:07 ~s~ ervin < (~kdab@2a01:e34:ee1d:a300:21a:4dff:fe55:3eb2) has quit [Changing host]
07:07 ~s~ ervin > (~kdab@kde/ervin) has joined ##agilefr
09:10 :      pointbar : hi' good week
09:35 ~s~ sfui > (~Adium@AMontpellier-556-1-344-15.w90-28.abo.wanadoo.fr) has joined ##agilefr
09:37 ~s~ duckmole > (~Thunderbi@2a01:e35:2f26:3b40:ac04:836a:41dc:d03d) has joined ##agilefr
10:48 ~s~ bricef > (~brice@94.103.137.121) has joined ##agilefr
12:58 ~s~ estrebet > (~quassel@gmo34-2-88-175-90-25.fbx.proxad.net) has joined ##agilefr
13:05 ~s~ sfui < (~Adium@AMontpellier-556-1-344-15.w90-28.abo.wanadoo.fr) has quit [Quit: Leaving.]
13:07 ~s~ sfui > (~Adium@AMontpellier-556-1-344-15.w90-28.abo.wanadoo.fr) has joined ##agilefr
13:07 ~s~ sfui < (~Adium@AMontpellier-556-1-344-15.w90-28.abo.wanadoo.fr) has quit [Client Quit]
14:28 ~s~ sfui > (~Adium@AMontpellier-556-1-344-15.w90-28.abo.wanadoo.fr) has joined ##agilefr
16:43 ~s~ estrebet < (~quassel@gmo34-2-88-175-90-25.fbx.proxad.net) has quit [Remote host closed the connection]
16:58 ~s~ No` > (~No`@hack.lolnet.org) has joined ##agilefr
16:58 :           No` : bouh
16:58 :           No` : j'm'ennuie, alors je viens vous ennuyer
17:36 ~s~ ervin < (~kdab@kde/ervin) has quit []
18:57 ~s~ sfui < (~Adium@AMontpellier-556-1-344-15.w90-28.abo.wanadoo.fr) has quit [Quit: Leaving.]
21:20 ~s~ sfui > (~Adium@71.48.14.81.rev.sfr.net) has joined ##agilefr
21:44 ~s~ yml_ > (~yml@li148-151.members.linode.com) has joined ##agilefr
21:47 ~s~ yml < (~yml@li148-151.members.linode.com) has quit [Ping timeout: 246 seconds]
21:47 ~s~ yml_ is now known as yml
--- Log closed mar. mars 12 00:00:23 2013
