--- Log opened mer. mars 20 00:00:23 2013
00:20 ~s~ sfui < (~Adium@71.48.14.81.rev.sfr.net) has quit [Quit: Leaving.]
08:56 ~s~ bricef > (~brice@94.103.137.121) has joined ##agilefr
09:26 :      pointbar : 'lo
09:28 :           No` : fucking matin de printemps les gens
09:50 :      pointbar : No`: question de point de vue
09:51 :      pointbar : - "matin' véloce" - frissonne maya en terminant son rail de pollen #printemps
09:52 :      pointbar : la biz, Mr No`
09:57 :           No` : atchoum
09:57 :           No` : hé, maya, te reste un peu de pollen sur le pif
10:10 :          clrh : bonjour
14:06 ~s~ sfui > (~Adium@AMontpellier-556-1-258-146.w90-0.abo.wanadoo.fr) has joined ##agilefr
14:18 :      pointbar : Lorsque j'ai besoin de respirer, je viens méditer sur #agilefr
14:21 :      pointbar : c'est crô minimaliste et avant ce post le rapport signal/bruit était farpait - ;)
14:23 :           No` : shhhhhhh
14:23 :           No` : c'est la sieeeeeeste
15:56 :           No` : intégration continue et ceux-qui-marchent-debout : http://www.miximum.fr/humour/1203-les-multiples-avantages-de-la-methode-rahan
18:17 ~s~ sfui < (~Adium@AMontpellier-556-1-258-146.w90-0.abo.wanadoo.fr) has quit [Quit: Leaving.]
20:43 ~s~ duckmole > (~Thunderbi@2a01:e35:2f26:3b40:e103:85ef:4c7:3c92) has joined ##agilefr
21:53 ~s~ duckmole < (~Thunderbi@2a01:e35:2f26:3b40:e103:85ef:4c7:3c92) has quit [Quit: duckmole]
--- Log closed jeu. mars 21 00:00:23 2013
