--- Log opened mar. avril 16 00:00:27 2013
09:08 :      pointbar : matin'
09:12  * pointbar m'étire et me demande comment aider cette journée à être encore plus sympathique
09:14 :      magopian@: hello pointbar, je peux faire quoi pour rendre ta journée encore plus sympathique?
09:15 :      magopian@: te couvrir de compliments peut-être? toi qui est grand, beau, excessivement musclé et intelligent?
09:15 :      pointbar : me dire que tu viendres didreven !
09:15 :      magopian@: euh, viendres où donc?
09:16 :      magopian@: didreven je serais sur Paris (séminaire de la boite)
09:16 :      magopian@: et le soir je serais à l'afpyro sur Paris aussi du coup (tu y sera? :)
09:16 :      pointbar : célébrer le Gédéon avec nous !
09:16 :      magopian@: célébrer le Gédéon? (/me comprends rien)
09:17 :      pointbar : http://doodle.com/z6aemixvqbwpm7g2
09:17 :      magopian@: ah, ça, je me suis déjà excusé, et je suis d'ailleurs for marri de ne pouvoir y être :'(
09:19 :      pointbar : bouboboobbuuuubouh !
09:19 :      magopian@: eh i
09:19 :      magopian@: vi
09:20 :      magopian@: heureusement, ça n'enlève rien à ton charme et la luxuriance de ta chevelure
09:20 :      magopian@: (et si je te manque, n'oublie pas que tu es toujours le très bienvenue dans ma charmante contrée, qui est à même pas 1h30 de chez toi en voiture !)
09:21 :      pointbar : je grave çà sur les murs de mon occiput
09:32 :      pointbar : çà y est : Pablo make my day !
10:29 ~s~ sfui > (~Adium@AMontpellier-556-1-351-152.w90-28.abo.wanadoo.fr) has joined ##agilefr
12:06 ~s~ sfui < (~Adium@AMontpellier-556-1-351-152.w90-28.abo.wanadoo.fr) has quit [Quit: Leaving.]
14:33 ~s~ sfui > (~Adium@AMontpellier-556-1-351-152.w90-28.abo.wanadoo.fr) has joined ##agilefr
18:58 :      pointbar : http://pytong.org
18:59 :      pointbar : comment on fait pour s'inscrire mode <tedx™> ?
19:28 ~s~ sfui < (~Adium@AMontpellier-556-1-351-152.w90-28.abo.wanadoo.fr) has quit [Quit: Leaving.]
19:56 ~s~ sfui > (~Adium@44.41.14.81.rev.sfr.net) has joined ##agilefr
19:59 ~s~ sfui < (~Adium@44.41.14.81.rev.sfr.net) has quit [Client Quit]
21:33 ~s~ sfui > (~Adium@44.41.14.81.rev.sfr.net) has joined ##agilefr
23:09 ~s~ sfui < (~Adium@44.41.14.81.rev.sfr.net) has quit [Quit: Leaving.]
--- Log closed mer. avril 17 00:00:27 2013
