--- Log opened lun. févr. 04 00:00:00 2013
00:18 ~s~ sfui < (~Adium@113.75.176.95.rev.sfr.net) has quit [Quit: Leaving.]
09:05 ~s~ goldoraf > (~raphael@2a01:e34:eed3:6ab0:8cf2:216f:b978:6024) has joined ##agilefr
09:05 :      goldoraf : bonjour tous
09:09 ~s~ ndubois > (~ndubois@mail1.gpdis.com) has joined ##agilefr
09:15 ~s~ yml < (~yml@li148-151.members.linode.com) has quit [Remote host closed the connection]
09:16 ~s~ yml > (~yml@li148-151.members.linode.com) has joined ##agilefr
09:17 ~s~ sfui > (~Adium@AMontpellier-556-1-310-16.w81-251.abo.wanadoo.fr) has joined ##agilefr
10:27 ~s~ duckmole > (~Thunderbi@2a01:e35:2f26:3b40:29af:3231:d756:33a4) has joined ##agilefr
13:55 ~s~ bricef > (~brice@94.103.137.121) has joined ##agilefr
14:19 ~s~ sfui1 > (~Adium@AMontpellier-556-1-310-16.w81-251.abo.wanadoo.fr) has joined ##agilefr
14:19 ~s~ sfui < (~Adium@AMontpellier-556-1-310-16.w81-251.abo.wanadoo.fr) has quit [Read error: Connection reset by peer]
14:27 ~s~ sfui1 < (~Adium@AMontpellier-556-1-310-16.w81-251.abo.wanadoo.fr) has quit [Read error: Connection reset by peer]
14:27 ~s~ sfui > (~Adium@AMontpellier-556-1-310-16.w81-251.abo.wanadoo.fr) has joined ##agilefr
14:47 ~s~ estrebet_ > (~quassel@gmo34-2-88-175-90-25.fbx.proxad.net) has joined ##agilefr
14:48 ~s~ estrebet_ < (~quassel@gmo34-2-88-175-90-25.fbx.proxad.net) has quit [Client Quit]
14:48 ~s~ estrebet_ > (~quassel@gmo34-2-88-175-90-25.fbx.proxad.net) has joined ##agilefr
14:48 :     estrebet_ : salut
15:17 :        bricef : hello
18:44 ~s~ duckmole < (~Thunderbi@2a01:e35:2f26:3b40:29af:3231:d756:33a4) has quit [Quit: duckmole]
19:07 ~s~ sfui < (~Adium@AMontpellier-556-1-310-16.w81-251.abo.wanadoo.fr) has quit [Quit: Leaving.]
21:09 ~s~ estrebet_ < (~quassel@gmo34-2-88-175-90-25.fbx.proxad.net) has quit [Ping timeout: 264 seconds]
--- Log closed mar. févr. 05 00:00:00 2013
