--- Log opened lun. mars 25 00:00:23 2013
00:12 ~s~ clrh < (~clrh@xvm-160-55.ghst.net) has quit [Ping timeout: 264 seconds]
--- Log closed lun. mars 25 00:12:48 2013
--- Log opened lun. mars 25 00:12:56 2013
00:12 ~s~ clrh_ > (~clrh@xvm-160-55.ghst.net) has joined ##agilefr
00:12 ~s~ Irssi: ##agilefr: Total of 10 nicks 1 ops, 0 halfops, 0 voices, 9 normal
00:13 ~s~ Irssi: Join to ##agilefr was synced in 47 secs
00:14 ~s~ clrh < (~clrh@xvm-160-55.ghst.net) has quit [Ping timeout: 264 seconds]
00:52 ~s~ Netsplit *.net <-> *.split quits: ndubois
00:57 ~s~ Netsplit *.net <-> *.split quits: yml, avernois, pointbar
01:02 ~s~ Netsplit over, joins: avernois, pointbar
01:03 ~s~ Netsplit over, joins: yml
01:03 ~s~ ndubois > (~ndubois@mail1.gpdis.com) has joined ##agilefr
01:07 ~s~ yml < (~yml@li148-151.members.linode.com) has quit [Ping timeout: 272 seconds]
01:08 ~s~ yml > (~yml@li148-151.members.linode.com) has joined ##agilefr
01:23 ~s~ Netsplit *.net <-> *.split quits: ndubois
01:28 ~s~ Netsplit over, joins: ndubois
01:29 ~s~ yml_ > (~yml@109.74.201.151) has joined ##agilefr
01:34 ~s~ Netsplit *.net <-> *.split quits: yml, [o__o]
01:35 ~s~ yml_ is now known as yml
01:44 ~s~ Netsplit over, joins: [o__o]
02:15 ~s~ ndubois < (~ndubois@mail1.gpdis.com) has quit [Ping timeout: 256 seconds]
02:16 ~s~ ndubois > (~ndubois@mail1.gpdis.com) has joined ##agilefr
02:27 ~s~ pointbar < (~pointbar@ns1.ogeima.com) has quit [Ping timeout: 264 seconds]
02:30 ~s~ pointbar > (~pointbar@213.251.168.108) has joined ##agilefr
02:33 ~s~ Netsplit *.net <-> *.split quits: pointbar, avernois
02:41 ~s~ [o__o] < (~o__o]@botbot.me) has quit [Ping timeout: 285 seconds]
02:41 ~s~ Netsplit over, joins: pointbar, avernois
02:44 ~s~ [o__o] > (~o__o]@botbot.me) has joined ##agilefr
03:02 ~s~ Netsplit *.net <-> *.split quits: pointbar, avernois
03:09 ~s~ Netsplit over, joins: pointbar, avernois
03:09 ~s~ avernois < (~avernois@gulltopp.vernois.net) has quit [Ping timeout: 264 seconds]
03:10 ~s~ avernois > (~avernois@gulltopp.vernois.net) has joined ##agilefr
03:24 ~s~ ndubois < (~ndubois@mail1.gpdis.com) has quit [Ping timeout: 256 seconds]
03:24 ~s~ ndubois > (~ndubois@mail1.gpdis.com) has joined ##agilefr
03:27 ~s~ Netsplit *.net <-> *.split quits: pointbar
03:33 ~s~ Netsplit *.net <-> *.split quits: avernois
03:35 ~s~ Netsplit over, joins: avernois
03:35 ~s~ pointbar > (~pointbar@ns1.ogeima.com) has joined ##agilefr
03:43 ~s~ [o__o] < (~o__o]@botbot.me) has quit [Ping timeout: 256 seconds]
