--- Log opened ven. févr. 22 00:00:23 2013
00:03 ~s~ sfui < (~Adium@71.48.14.81.rev.sfr.net) has quit [Quit: Leaving.]
02:34 ~s~ ndubois < (~ndubois@mail1.gpdis.com) has quit [Ping timeout: 260 seconds]
02:35 ~s~ ndubois > (~ndubois@mail1.gpdis.com) has joined ##agilefr
02:40 ~s~ ndubois < (~ndubois@mail1.gpdis.com) has quit [Ping timeout: 260 seconds]
--- Log closed ven. févr. 22 03:20:24 2013
--- Log opened ven. févr. 22 03:20:32 2013
03:20 ~s~ clrh > (~clrh@xvm-160-55.ghst.net) has joined ##agilefr
03:20 ~s~ Irssi: ##agilefr: Total of 6 nicks 1 ops, 0 halfops, 0 voices, 5 normal
03:21 ~s~ Irssi: Join to ##agilefr was synced in 42 secs
04:07 ~s~ ndubois > (~ndubois@mail1.gpdis.com) has joined ##agilefr
05:24 ~s~ ndubois < (~ndubois@mail1.gpdis.com) has quit [Ping timeout: 260 seconds]
07:34 ~s~ ndubois > (~ndubois@mail1.gpdis.com) has joined ##agilefr
07:48 ~s~ ervin > (~kdab@kde/ervin) has joined ##agilefr
09:05 ~s~ ndubois < (~ndubois@mail1.gpdis.com) has quit [Quit: Leaving.]
09:05 ~s~ ndubois > (~ndubois@mail1.gpdis.com) has joined ##agilefr
09:17 ~s~ sfui > (~Adium@AMontpellier-556-1-172-234.w109-210.abo.wanadoo.fr) has joined ##agilefr
09:37 ~s~ duckmole > (~Thunderbi@2a01:e35:2f26:3b40:9056:ebe4:c457:8ee4) has joined ##agilefr
09:55 ~s~ sfui1 > (~Adium@AMontpellier-556-1-172-234.w109-210.abo.wanadoo.fr) has joined ##agilefr
09:59 ~s~ sfui < (~Adium@AMontpellier-556-1-172-234.w109-210.abo.wanadoo.fr) has quit [Ping timeout: 264 seconds]
10:20 ~s~ ndubois < (~ndubois@mail1.gpdis.com) has quit [Ping timeout: 260 seconds]
10:21 ~s~ ndubois > (~ndubois@mail1.gpdis.com) has joined ##agilefr
12:47 ~s~ sfui1 < (~Adium@AMontpellier-556-1-172-234.w109-210.abo.wanadoo.fr) has quit [Quit: Leaving.]
12:56 ~s~ ndubois < (~ndubois@mail1.gpdis.com) has quit [Ping timeout: 260 seconds]
13:37 ~s~ ndubois > (~ndubois@mail1.gpdis.com) has joined ##agilefr
14:13 ~s~ sfui > (~Adium@AMontpellier-556-1-172-234.w109-210.abo.wanadoo.fr) has joined ##agilefr
16:39 ~s~ duckmole < (~Thunderbi@2a01:e35:2f26:3b40:9056:ebe4:c457:8ee4) has quit [Quit: duckmole]
17:01 ~s~ ndubois < (~ndubois@mail1.gpdis.com) has quit [Quit: Leaving.]
19:07 ~s~ sfui < (~Adium@AMontpellier-556-1-172-234.w109-210.abo.wanadoo.fr) has quit [Quit: Leaving.]
19:56 ~s~ ervin < (~kdab@kde/ervin) has quit []
20:56 ~s~ estrebet_ > (~quassel@gmo34-2-88-175-90-25.fbx.proxad.net) has joined ##agilefr
20:58 ~s~ estrebet_ < (~quassel@gmo34-2-88-175-90-25.fbx.proxad.net) has quit [Client Quit]
20:58 ~s~ estrebet_ > (~quassel@gmo34-2-88-175-90-25.fbx.proxad.net) has joined ##agilefr
21:19 ~s~ sfui > (~Adium@71.48.14.81.rev.sfr.net) has joined ##agilefr
22:18 ~s~ estrebet_ < (~quassel@gmo34-2-88-175-90-25.fbx.proxad.net) has quit [Ping timeout: 264 seconds]
--- Log closed sam. févr. 23 00:00:23 2013
