--- Log opened ven. mars 08 00:00:23 2013
07:00 ~s~ ervin > (~kdab@2a01:e34:ee1d:a300:21a:4dff:fe55:3eb2) has joined ##agilefr
07:00 ~s~ ervin < (~kdab@2a01:e34:ee1d:a300:21a:4dff:fe55:3eb2) has quit [Changing host]
07:00 ~s~ ervin > (~kdab@kde/ervin) has joined ##agilefr
09:18 ~s~ sfui > (~Adium@AMontpellier-556-1-344-15.w90-28.abo.wanadoo.fr) has joined ##agilefr
09:22 ~s~ ndubois < (~ndubois@mail1.gpdis.com) has quit [Quit: Leaving.]
09:29 ~s~ duckmole > (~Thunderbi@2a01:e35:2f26:3b40:d82a:d5e0:2f9:f1e3) has joined ##agilefr
09:33 ~s~ ndubois > (~ndubois@mail1.gpdis.com) has joined ##agilefr
09:36 ~s~ ndubois < (~ndubois@mail1.gpdis.com) has quit [Client Quit]
10:05 ~s~ ervin < (~kdab@kde/ervin) has quit []
10:15 ~s~ pointbar < (~pointbar@ns1.ogeima.com) has quit [Ping timeout: 264 seconds]
11:06 ~s~ ndubois > (~ndubois@mail1.gpdis.com) has joined ##agilefr
11:06 :          clrh : salut
11:07 ~s~ Irssi: ##agilefr: Total of 9 nicks 1 ops, 0 halfops, 0 voices, 8 normal
11:07 :          clrh : chers agilistes, cette aprem j'anime une rétro qui fait suite à un sprint avec un terminé de 0
11:08 :          clrh : je cherche le support le plus simpliste pour poser les problèmes, créer une vision commune des causes postentielle etc.
11:08 :          clrh : je pensais naïvement à un petit brainstorm puis un 5P mais peut être que vous avez qqch que vous avez expérimenté qui pourrait m'aider ;)
11:09 :          clrh : enfin j'ai pas plus besoin "d'aide" que ça
11:13 ~s~ sfui < (~Adium@AMontpellier-556-1-344-15.w90-28.abo.wanadoo.fr) has quit [Quit: Leaving.]
11:15 ~s~ sfui > (~Adium@AMontpellier-556-1-344-15.w90-28.abo.wanadoo.fr) has joined ##agilefr
12:28 ~s~ sfui < (~Adium@AMontpellier-556-1-344-15.w90-28.abo.wanadoo.fr) has quit [Quit: Leaving.]
13:16 ~s~ yml is now known as yml|lunch
13:32 ~s~ sfui > (~Adium@AMontpellier-556-1-344-15.w90-28.abo.wanadoo.fr) has joined ##agilefr
13:56 ~s~ goldoraf > (~raphael@2a01:e34:eed3:6ab0:3851:4496:e96c:45e9) has joined ##agilefr
14:05 ~s~ ndubois < (~ndubois@mail1.gpdis.com) has quit [Quit: Leaving.]
14:06 ~s~ yml|lunch is now known as yml
15:23 ~s~ ndubois > (~ndubois@mail1.gpdis.com) has joined ##agilefr
15:32 ~s~ ndubois < (~ndubois@mail1.gpdis.com) has quit [Quit: Leaving.]
16:31 ~s~ ndubois > (~ndubois@mail1.gpdis.com) has joined ##agilefr
16:36 ~s~ pointbar > (~pointbar@ns1.ogeima.com) has joined ##agilefr
18:13 ~s~ duckmole < (~Thunderbi@2a01:e35:2f26:3b40:d82a:d5e0:2f9:f1e3) has quit [Quit: duckmole]
18:43 ~s~ bricef < (~brice@94.103.137.121) has quit [Quit: Quitte]
18:56 ~s~ goldoraf < (~raphael@2a01:e34:eed3:6ab0:3851:4496:e96c:45e9) has quit [Quit: Quitte]
19:54 ~s~ sfui < (~Adium@AMontpellier-556-1-344-15.w90-28.abo.wanadoo.fr) has quit [Quit: Leaving.]
22:03 ~s~ [o__o] < (~o__o]@botbot.me) has quit [Remote host closed the connection]
22:03 ~s~ [o__o] > (~o__o]@botbot.me) has joined ##agilefr
--- Log closed sam. mars 09 00:00:23 2013
