--- Log opened lun. févr. 25 00:00:23 2013
07:59 ~s~ ervin > (~kdab@2a01:e34:ee1d:a300:21a:4dff:fe55:3eb2) has joined ##agilefr
07:59 ~s~ ervin < (~kdab@2a01:e34:ee1d:a300:21a:4dff:fe55:3eb2) has quit [Changing host]
07:59 ~s~ ervin > (~kdab@kde/ervin) has joined ##agilefr
08:54 ~s~ sfui > (~Adium@AMontpellier-556-1-172-234.w109-210.abo.wanadoo.fr) has joined ##agilefr
08:54 :      pointbar : hi'
08:58 ~s~ ndubois > (~ndubois@mail1.gpdis.com) has joined ##agilefr
09:18 ~s~ duckmole > (~Thunderbi@2a01:e35:2f26:3b40:2dab:1987:b127:b36c) has joined ##agilefr
09:33 :          clrh : bonjour
09:34 ~s~ sfui1 > (~Adium@AMontpellier-556-1-172-234.w109-210.abo.wanadoo.fr) has joined ##agilefr
09:34 ~s~ sfui < (~Adium@AMontpellier-556-1-172-234.w109-210.abo.wanadoo.fr) has quit [Read error: Connection reset by peer]
12:34 ~s~ sfui1 < (~Adium@AMontpellier-556-1-172-234.w109-210.abo.wanadoo.fr) has quit [Quit: Leaving.]
12:36 ~s~ sfui > (~Adium@AMontpellier-556-1-172-234.w109-210.abo.wanadoo.fr) has joined ##agilefr
12:37 ~s~ sfui < (~Adium@AMontpellier-556-1-172-234.w109-210.abo.wanadoo.fr) has quit [Client Quit]
13:12 ~s~ sfui > (~Adium@AMontpellier-556-1-172-234.w109-210.abo.wanadoo.fr) has joined ##agilefr
13:36 ~s~ sfui < (~Adium@AMontpellier-556-1-172-234.w109-210.abo.wanadoo.fr) has quit [Quit: Leaving.]
16:36 ~s~ sfui > (~Adium@AMontpellier-556-1-172-234.w109-210.abo.wanadoo.fr) has joined ##agilefr
16:51 ~s~ [o__o] < (~o__o]@botbot.me) has quit [Remote host closed the connection]
16:51 ~s~ [o__o] > (~o__o]@botbot.me) has joined ##agilefr
18:02 ~s~ duckmole < (~Thunderbi@2a01:e35:2f26:3b40:2dab:1987:b127:b36c) has quit [Quit: duckmole]
18:43 ~s~ ervin < (~kdab@kde/ervin) has quit []
18:53 ~s~ estrebet > (~quassel@gmo34-2-88-175-90-25.fbx.proxad.net) has joined ##agilefr
19:10 ~s~ sfui < (~Adium@AMontpellier-556-1-172-234.w109-210.abo.wanadoo.fr) has quit [Quit: Leaving.]
21:16 ~s~ sfui > (~Adium@71.48.14.81.rev.sfr.net) has joined ##agilefr
23:05 ~s~ estrebet < (~quassel@gmo34-2-88-175-90-25.fbx.proxad.net) has quit [Ping timeout: 252 seconds]
23:40 ~s~ sfui < (~Adium@71.48.14.81.rev.sfr.net) has quit [Quit: Leaving.]
--- Log closed mar. févr. 26 00:00:23 2013
