--- Log opened mer. janv. 30 00:00:00 2013
00:15 ~s~ sfui < (~Adium@200.16.14.81.rev.sfr.net) has quit [Quit: Leaving.]
01:17 ~s~ goldoraf < (~raphael@2a01:e34:eed3:6ab0:a4b9:db6b:7238:b9ed) has quit [Ping timeout: 246 seconds]
01:17 ~s~ goldoraf > (~raphael@2a01:e34:eed3:6ab0:a4b9:db6b:7238:b9ed) has joined ##agilefr
07:51 ~s~ duckmole > (~Thunderbi@2a01:e35:2f26:3b40:59f4:4d1e:6e78:fe62) has joined ##agilefr
07:52 ~s~ duckmole < (~Thunderbi@2a01:e35:2f26:3b40:59f4:4d1e:6e78:fe62) has quit [Client Quit]
07:54 ~s~ duckmole > (~Thunderbi@2a01:e35:2f26:3b40:59f4:4d1e:6e78:fe62) has joined ##agilefr
09:02 ~s~ sfui > (~Adium@AMontpellier-556-1-265-50.w90-0.abo.wanadoo.fr) has joined ##agilefr
09:46 ~s~ ervin > (~kdab@kde/ervin) has joined ##agilefr
10:18 :          clrh@: bonjour
10:33 ~s~ goldoraf < (~raphael@2a01:e34:eed3:6ab0:a4b9:db6b:7238:b9ed) has quit [Quit: Quitte]
10:40 ~s~ ndubois < (~ndubois@mail1.gpdis.com) has quit [Quit: Leaving.]
10:42 ~s~ ndubois > (~ndubois@mail1.gpdis.com) has joined ##agilefr
10:56 ~s~ estrebet_ > (~quassel@gmo34-2-88-175-90-25.fbx.proxad.net) has joined ##agilefr
11:47 ~s~ sfui < (~Adium@AMontpellier-556-1-265-50.w90-0.abo.wanadoo.fr) has quit [Quit: Leaving.]
18:22 ~s~ duckmole < (~Thunderbi@2a01:e35:2f26:3b40:59f4:4d1e:6e78:fe62) has quit [Quit: duckmole]
19:28 ~s~ ervin < (~kdab@kde/ervin) has quit []
19:40 ~s~ bricef < (~brice@94.103.137.121) has left ##agilefr ["Quitte"]
20:47 ~s~ estrebet_ < (~quassel@gmo34-2-88-175-90-25.fbx.proxad.net) has quit [Quit: http://quassel-irc.org - Discuter simplement. Partout.]
20:48 ~s~ estrebet > (~quassel@gmo34-2-88-175-90-25.fbx.proxad.net) has joined ##agilefr
21:03 ~s~ sfui > (~Adium@113.75.176.95.rev.sfr.net) has joined ##agilefr
21:07 ~s~ sfui < (~Adium@113.75.176.95.rev.sfr.net) has quit [Client Quit]
21:16 ~s~ sfui > (~Adium@113.75.176.95.rev.sfr.net) has joined ##agilefr
22:29 ~s~ sfui < (~Adium@113.75.176.95.rev.sfr.net) has quit [Quit: Leaving.]
22:32 ~s~ sfui > (~Adium@113.75.176.95.rev.sfr.net) has joined ##agilefr
--- Log closed jeu. janv. 31 00:00:00 2013
