--- Log opened mar. janv. 29 00:00:00 2013
00:06 ~s~ sfui < (~Adium@200.16.14.81.rev.sfr.net) has quit [Quit: Leaving.]
00:42 ~s~ ipmb < (~ipmb@189.164.251.223) has left ##agilefr ["Textual IRC Client: www.textualapp.com"]
01:38 ~s~ estrebet < (~quassel@gmo34-2-88-175-90-25.fbx.proxad.net) has quit [Ping timeout: 255 seconds]
07:04 ~s~ ervin > (~kdab@kde/ervin) has joined ##agilefr
07:05 :         ervin : bonjour
08:40 :      pointbar : 'hi
08:51 :      magopian@: hello ;)
08:52 :      magopian@: on a un botbot sur le salon ;)
08:52 ~s~ magopian changed the topic of ##agilefr to: Espace de discussions pour agilistes francophones - ce salon est logué sur https://botbot.me/freenode/agilefr/
08:58 :           yml : pour info
08:58 :           yml : [o__o]: help
08:59 :           yml : bizarre bizarre
08:59 :           yml : oups encore un petit pb avec le "##"
09:00 :         ervin : ah ça...
09:02 :           yml : vous etes le premier chan en double "#" que nous loggons
09:02 :      magopian@: héhé ;)
09:02 :      magopian@: ravi de voir qu'on peut servir de notre côté ;
09:04 ~s~ sfui > (~Adium@AMontpellier-556-1-316-35.w81-251.abo.wanadoo.fr) has joined ##agilefr
09:14 :        bricef : hello
09:18 :          clrh : bonjour
09:18 ~s~ Irssi: ##agilefr: Total of 12 nicks 1 ops, 0 halfops, 0 voices, 11 normal
09:19 :          clrh : \o/
09:23 :      magopian@: clrh: donc normalement t'as plus besoin de faire le login toi-même sur github ;)
09:23 :          clrh : ca marche je vais désactiver tout ça ;) merci
09:23 :      magopian@: suffit d'aller sur https://botbot.me/freenode/agilefr/ et de dire "wooooow c'est bôooooooo"
09:23 :          clrh : help [o__o] 
09:23 :          clrh : [o__o]: help
09:24 :          clrh : c'est classe en effet ;) yml magopian 
09:24 :      magopian@: clrh: y'a un soucis avec notre salon (qui a deux ##), donc c'est en court de fix je pense
09:24 :          clrh : vu
09:24 :      magopian@: yml ici présent fait partie de l'équipe qui taffe dessus ;)
09:25 :      magopian@: on bénéficie du service gratuitement (pour le moment), vu que le service est en beta
09:25 ~s~ mode/##agilefr [+o clrh] by ChanServ
09:26 :      magopian@: yml: le login sert à quoi?
09:37 :           yml : magopian: quel login ?
09:37 :           yml : ok je vois dans botbot
09:37 :      magopian@: yup
09:37 :      magopian@: sur le site
09:38 :           yml : nous loggons également des salons privée
09:39 :           yml : donc cela te permet d accéder aux logs de tes salons privées
09:45 :      magopian@: ah bah oui, ça paraît évident ;)
09:54 ~s~ estrebet_ > (~quassel@gmo34-2-88-175-90-25.fbx.proxad.net) has joined ##agilefr
09:54 ~s~ estrebet_ < (~quassel@gmo34-2-88-175-90-25.fbx.proxad.net) has quit [Client Quit]
09:55 ~s~ estrebet > (~quassel@gmo34-2-88-175-90-25.fbx.proxad.net) has joined ##agilefr
10:28 ~s~ [o__o] < (~o__o]@botbot.me) has left ##agilefr []
10:28 ~s~ [o__o] > (~o__o]@botbot.me) has joined ##agilefr
10:29 ~s~ [o__o] < (~o__o]@botbot.me) has left ##agilefr []
10:29 ~s~ [o__o] > (~o__o]@botbot.me) has joined ##agilefr
11:22 :           yml : [o__o]: help
11:22 :        [o__o] : Available plugins: logger, ping, bangmotivate, help ( https://botbot.me/freenode/agilefr/help/ )
11:22 :           yml : !m yml
11:22 :        [o__o] : You're doing good work, yml!
11:22 :      magopian@: :D
11:35 ~s~ olbap > (~pablo@lem34-1-88-188-241-49.fbx.proxad.net) has joined ##agilefr
11:40 ~s~ olbap < (~pablo@lem34-1-88-188-241-49.fbx.proxad.net) has quit [Ping timeout: 240 seconds]
11:53 ~s~ olbap > (~pablo@lem34-1-88-188-241-42.fbx.proxad.net) has joined ##agilefr
12:28 ~s~ olbap < (~pablo@lem34-1-88-188-241-42.fbx.proxad.net) has quit [Ping timeout: 256 seconds]
12:43 ~s~ olbap > (~pablo@lem34-1-88-188-241-49.fbx.proxad.net) has joined ##agilefr
12:59 ~s~ olbap_ > (~pablo@lem34-1-88-188-241-42.fbx.proxad.net) has joined ##agilefr
13:04 ~s~ olbap < (~pablo@lem34-1-88-188-241-49.fbx.proxad.net) has quit [Ping timeout: 276 seconds]
13:48 ~s~ duckmole > (~Thunderbi@2a01:e35:2f26:3b40:7c8e:959e:4beb:92de) has joined ##agilefr
14:31 ~s~ olbap_ < (~pablo@lem34-1-88-188-241-42.fbx.proxad.net) has quit [Ping timeout: 276 seconds]
14:47 ~s~ olbap_ > (~pablo@lem34-1-88-188-241-49.fbx.proxad.net) has joined ##agilefr
14:57 ~s~ goldoraf < (~raphael@2a01:e34:eed3:6ab0:3823:8d68:5990:d080) has quit [Ping timeout: 246 seconds]
15:32 ~s~ goldoraf > (~raphael@2a01:e34:eed3:6ab0:a4b9:db6b:7238:b9ed) has joined ##agilefr
15:48 ~s~ sfui < (~Adium@AMontpellier-556-1-316-35.w81-251.abo.wanadoo.fr) has quit [Read error: Connection reset by peer]
15:48 ~s~ sfui > (~Adium@amontpellier-556-1-316-35.w81-251.abo.wanadoo.fr) has joined ##agilefr
16:18 ~s~ olbap__ > (~pablo@lem34-1-88-188-241-42.fbx.proxad.net) has joined ##agilefr
16:22 ~s~ olbap_ < (~pablo@lem34-1-88-188-241-49.fbx.proxad.net) has quit [Ping timeout: 264 seconds]
16:24 :       olbap__ : pour hier, goldoraf, si c'est fun ce n'est pas inutile. "fun" se justifie en soit (à mes yeux)
16:25 :      goldoraf : olbap__, c'est juste que c'est souvent l'inutile qui est fun ;)
16:26 :       olbap__ : the top of the pop : il y a de l'inutile utile. (et oui osons).
16:26 :      goldoraf : olbap__, plus sérieusement, je suis d'accord avec toi, un peu de fun ne fait pas de mal au boulot
16:26 :      magopian@: olbap__: pour info, pour le bot, il est fourni gratuitement pour le moment (vu qu'ils sont en beta), par contre d'ici trois mois ils vont me recontacter pour savoir si on est prêts à payer
16:27 :      magopian@: ils sont partis sur un abonnement de 20$ par an, si j'ai bien compris, donc à ce moment là faudra prendre une décision si la valeur ajoutée est au rendez-vous ou non
16:27 :       olbap__ : ok
16:27 :       olbap__ : ok on verra
16:28 :      goldoraf : olbap__, au pire, faire un copier/coller manuel des conversations intéressantes vers un blog ou autre, c'est possible aussi
16:28 :       olbap__ : "au pire" le truc de claire était aussi très bien. Moins sympa, mais bien.
16:29 :       olbap__ : on verra, on décidera
16:29 :       olbap__ : pour l'instant cela ne les justifie pas (à mes yeux)
16:29 :      goldoraf : i agree
16:33 :       olbap__ : liste francophone :)
16:33 :       olbap__ : naaan je blague
16:33 :       olbap__ : je ne suis pas maniaque
16:33 :       olbap__ : non noon
16:33 :       olbap__ : noooooon  !
16:35 :      magopian@: ?
16:35 :      goldoraf : magopian, rien, ne t'inquiète pas
16:35 :      goldoraf : magopian, à ce qu'on m'a dit olbap__ est fréquemment sujet à ce genre de crises ;)
16:36 :      magopian@: ah, je m'inquiètes pas alors
17:11 :      goldoraf : olbap__, je viens de découvrir ozric tentacles grâce à ton tweet, j'aime bien, merci beaucoup ;)
17:18 ~s~ sfui1 > (~Adium@AMontpellier-556-1-265-50.w90-0.abo.wanadoo.fr) has joined ##agilefr
17:20 :       olbap__ : ah ah
17:21 :       olbap__ : c'est un peu groupe mythique. underground ou tu repères / classifie vite celui qui connait/aime ou pas.
17:21 :       olbap__ : je ne suis d'ailleurs pas un grand fan : genre je n'écoute pas de longue. Mais de temps en temps c'est très cool. Je ne sais plus quels sont les meilleurs.
17:21 :       olbap__ : Probablement Jurassic shift et les 2 ou 3 avant. Après cela se dégrade.
17:22 :       olbap__ : Ecoute : PSYCHEDELIC PILL de NEIL YOUNG.
17:22 ~s~ sfui < (~Adium@amontpellier-556-1-316-35.w81-251.abo.wanadoo.fr) has quit [Ping timeout: 272 seconds]
17:27 ~s~ sfui1 < (~Adium@AMontpellier-556-1-265-50.w90-0.abo.wanadoo.fr) has quit [Quit: Leaving.]
17:28 :      goldoraf : olbap__, OK, je vais essayer, ça me fera peut-être changer d'avis sur Neil Young
17:30 :       olbap__ : ah non si tu n'es pas fan (déjà) tu n'aimeras car il creuse dans son sillon propre.
17:30 :      goldoraf : ah, il s'est acheté un flanger visiblement :)
17:43 :       olbap__ : tu peux juste écouter la première si tu veux...
18:21 ~s~ olbap__ < (~pablo@lem34-1-88-188-241-42.fbx.proxad.net) has quit [Quit: Ex-Chat]
19:04 ~s~ goldoraf < (~raphael@2a01:e34:eed3:6ab0:a4b9:db6b:7238:b9ed) has quit [Ping timeout: 246 seconds]
19:06 ~s~ goldoraf > (~raphael@2a01:e34:eed3:6ab0:a4b9:db6b:7238:b9ed) has joined ##agilefr
19:15 ~s~ david`bgk < (~david@unaffiliated/davidbgk/x-8110727) has left ##agilefr []
19:46 ~s~ estrebet__ > (~quassel@gmo34-2-88-175-90-25.fbx.proxad.net) has joined ##agilefr
19:46 ~s~ estrebet < (~quassel@gmo34-2-88-175-90-25.fbx.proxad.net) has quit [Ping timeout: 256 seconds]
21:15 ~s~ duckmole < (~Thunderbi@2a01:e35:2f26:3b40:7c8e:959e:4beb:92de) has quit [Quit: duckmole]
21:48 ~s~ estrebet__ < (~quassel@gmo34-2-88-175-90-25.fbx.proxad.net) has quit [Ping timeout: 246 seconds]
22:00 ~s~ sfui > (~Adium@200.16.14.81.rev.sfr.net) has joined ##agilefr
22:59 ~s~ ervin < (~kdab@kde/ervin) has quit []
--- Log closed mer. janv. 30 00:00:00 2013
